#
# A fatal error has been detected by the Java Runtime Environment:
#
#  EXCEPTION_ACCESS_VIOLATION (0xc0000005) at pc=0x00000000635e5a20, pid=1352, tid=0x00000000000029e8
#
# JRE version: Java(TM) SE Runtime Environment (8.0_131-b11) (build 1.8.0_131-b11)
# Java VM: Java HotSpot(TM) 64-Bit Server VM (25.131-b11 mixed mode windows-amd64 compressed oops)
# Problematic frame:
# V  [jvm.dll+0x275a20]
#
# Failed to write core dump. Minidumps are not enabled by default on client versions of Windows
#
# If you would like to submit a bug report, please visit:
#   http://bugreport.java.com/bugreport/crash.jsp
#

---------------  T H R E A D  ---------------

Current thread (0x000000001a8c7000):  JavaThread "atomic-processor-1" daemon [_thread_in_vm, id=10728, stack(0x000000001cb00000,0x000000001cc00000)]

siginfo: ExceptionCode=0xc0000005, reading address 0x000000001d9d7eb8

Registers:
RAX=0x00000000ddbfffc0, RBX=0x000000001a8c7000, RCX=0x00000000d82d41b8, RDX=0x000000001d9d7eb8
RSP=0x000000001cbfef50, RBP=0x0000000000000000, RSI=0x0000000000057e40, RDI=0x00000000d827c370
R8 =0x000000000000afc8, R9 =0x00000000d827c380, R10=0x0000000002997f48, R11=0x000000006359bd80
R12=0x000000001d980080, R13=0x0000000016efe3f8, R14=0x000000001cbff0d0, R15=0x000000001a8c7000
RIP=0x00000000635e5a20, EFLAGS=0x0000000000010202

Top of Stack: (sp=0x000000001cbfef50)
0x000000001cbfef50:   000000000000000e 0000000000000000
0x000000001cbfef60:   000000001a8c7000 0000000000000000
0x000000001cbfef70:   000000001cbff120 00000000635540e7
0x000000001cbfef80:   0000000063975f08 00000000028d23e0
0x000000001cbfef90:   000000001ac70d40 000000000000000e
0x000000001cbfefa0:   000000001cbfee40 000000001cbff028
0x000000001cbfefb0:   0000000000000000 0000000002997f74
0x000000001cbfefc0:   00000000029880e0 0000000016efe3f8
0x000000001cbfefd0:   000000001cbff070 0000000000000300
0x000000001cbfefe0:   000000001cbff0b0 0000000000000010
0x000000001cbfeff0:   0000000000057e40 00000000634b3b38
0x000000001cbff000:   000000000000000c 000000001cbfeea0
0x000000001cbff010:   0000000019850188 000000001d980080
0x000000001cbff020:   00000000d64ee778 000000001a8c71f8
0x000000001cbff030:   000000001cbff030 0000000000000000
0x000000001cbff040:   000000001cbff0d0 0000000016f2b240 

Instructions: (pc=0x00000000635e5a20)
0x00000000635e5a00:   ef 48 83 c4 28 c3 4a 8d 54 c1 f8 4b 8d 4c c1 f8
0x00000000635e5a10:   4d 85 c0 0f 84 9a 00 00 00 0f 1f 80 00 00 00 00
0x00000000635e5a20:   48 8b 02 48 83 e9 08 48 83 ea 08 49 ff c8 48 89
0x00000000635e5a30:   41 08 75 ec 48 83 c4 28 c3 a8 03 75 5a 49 c1 e8 


Register to memory mapping:

RAX=0x00000000ddbfffc0 is an unallocated location in the heap
RBX=0x000000001a8c7000 is a thread
RCX=0x00000000d82d41b8 is an oop

[error occurred during error reporting (printing register info), id 0xc0000005]

Stack: [0x000000001cb00000,0x000000001cc00000],  sp=0x000000001cbfef50,  free space=1019k
Native frames: (J=compiled Java code, j=interpreted, Vv=VM code, C=native code)

Java frames: (J=compiled Java code, j=interpreted, Vv=VM code)
j  sun.misc.Unsafe.copyMemory(Ljava/lang/Object;JLjava/lang/Object;JJ)V+0
j  java.nio.Bits.copyToArray(JLjava/lang/Object;JJJ)V+42
j  java.nio.DirectByteBuffer.get([BII)Ljava/nio/ByteBuffer;+101
j  java.nio.ByteBuffer.get([B)Ljava/nio/ByteBuffer;+5
j  com.github.sarxos.webcam.ds.buildin.WebcamDefaultDevice.getImage()Ljava/awt/image/BufferedImage;+52
j  com.github.sarxos.webcam.ds.cgt.WebcamGetImageTask.handle()V+17
j  com.github.sarxos.webcam.WebcamProcessor$AtomicProcessor.run()V+14
j  java.util.concurrent.ThreadPoolExecutor.runWorker(Ljava/util/concurrent/ThreadPoolExecutor$Worker;)V+95
j  java.util.concurrent.ThreadPoolExecutor$Worker.run()V+5
j  java.lang.Thread.run()V+11
v  ~StubRoutines::call_stub

---------------  P R O C E S S  ---------------

Java Threads: ( => current thread )
  0x000000001ad6a800 JavaThread "Thread-7" [_thread_blocked, id=9924, stack(0x0000000000010000,0x0000000000110000)]
  0x000000001ad70000 JavaThread "Thread-5" [_thread_in_native, id=9988, stack(0x000000001dc80000,0x000000001dd80000)]
  0x000000001ad6c000 JavaThread "frames-refresher-[0]" daemon [_thread_blocked, id=2504, stack(0x000000001db80000,0x000000001dc80000)]
  0x000000001ad6f000 JavaThread "webcam-lock-[HD Webcam 0]" daemon [_thread_blocked, id=9020, stack(0x000000001d140000,0x000000001d240000)]
  0x000000001ad6d000 JavaThread "webcam-discovery-service" daemon [_thread_blocked, id=7480, stack(0x000000001d040000,0x000000001d140000)]
=>0x000000001a8c7000 JavaThread "atomic-processor-1" daemon [_thread_in_vm, id=10728, stack(0x000000001cb00000,0x000000001cc00000)]
  0x000000001a7c9800 JavaThread "MySQL Statement Cancellation Timer" daemon [_thread_blocked, id=9736, stack(0x000000001b7c0000,0x000000001b8c0000)]
  0x000000000287d800 JavaThread "DestroyJavaVM" [_thread_blocked, id=12284, stack(0x0000000002700000,0x0000000002800000)]
  0x000000001a6cd000 JavaThread "AWT-EventQueue-0" [_thread_blocked, id=5852, stack(0x000000001b2b0000,0x000000001b3b0000)]
  0x000000001a6cb000 JavaThread "AWT-Windows" daemon [_thread_in_native, id=11988, stack(0x000000001b080000,0x000000001b180000)]
  0x000000001a6ca000 JavaThread "AWT-Shutdown" [_thread_blocked, id=832, stack(0x000000001af80000,0x000000001b080000)]
  0x000000001a6c7800 JavaThread "Java2D Disposer" daemon [_thread_blocked, id=10920, stack(0x000000001ae80000,0x000000001af80000)]
  0x000000001982f800 JavaThread "Service Thread" daemon [_thread_blocked, id=7576, stack(0x000000001a350000,0x000000001a450000)]
  0x00000000197a1000 JavaThread "C1 CompilerThread3" daemon [_thread_blocked, id=9656, stack(0x000000001a250000,0x000000001a350000)]
  0x0000000019796800 JavaThread "C2 CompilerThread2" daemon [_thread_blocked, id=7604, stack(0x000000001a150000,0x000000001a250000)]
  0x0000000019790000 JavaThread "C2 CompilerThread1" daemon [_thread_blocked, id=10348, stack(0x000000001a050000,0x000000001a150000)]
  0x0000000019789000 JavaThread "C2 CompilerThread0" daemon [_thread_blocked, id=11580, stack(0x0000000019f50000,0x000000001a050000)]
  0x0000000019788000 JavaThread "Attach Listener" daemon [_thread_blocked, id=9584, stack(0x0000000019e50000,0x0000000019f50000)]
  0x0000000019787000 JavaThread "Signal Dispatcher" daemon [_thread_blocked, id=696, stack(0x0000000019d50000,0x0000000019e50000)]
  0x0000000002979800 JavaThread "Finalizer" daemon [_thread_blocked, id=8128, stack(0x0000000019b60000,0x0000000019c60000)]
  0x0000000002978000 JavaThread "Reference Handler" daemon [_thread_blocked, id=13200, stack(0x0000000019660000,0x0000000019760000)]

Other Threads:
  0x0000000017869800 VMThread [stack: 0x0000000019560000,0x0000000019660000] [id=936]
  0x0000000019854000 WatcherThread [stack: 0x000000001a450000,0x000000001a550000] [id=1840]

VM state:not at safepoint (normal execution)

VM Mutex/Monitor currently owned by a thread: None

Heap:
 PSYoungGen      total 37888K, used 37179K [0x00000000d6300000, 0x00000000d8d00000, 0x0000000100000000)
  eden space 32768K, 99% used [0x00000000d6300000,0x00000000d82d41c0,0x00000000d8300000)
  from space 5120K, 89% used [0x00000000d8300000,0x00000000d877ab40,0x00000000d8800000)
  to   space 5120K, 0% used [0x00000000d8800000,0x00000000d8800000,0x00000000d8d00000)
 ParOldGen       total 86016K, used 3090K [0x0000000082800000, 0x0000000087c00000, 0x00000000d6300000)
  object space 86016K, 3% used [0x0000000082800000,0x0000000082b049f8,0x0000000087c00000)
 Metaspace       used 15484K, capacity 15692K, committed 16000K, reserved 1062912K
  class space    used 1750K, capacity 1839K, committed 1920K, reserved 1048576K

Card table byte_map: [0x0000000011d40000,0x0000000012130000] byte_map_base: 0x000000001192c000

Marking Bits: (ParMarkBitMap*) 0x0000000063b8c720
 Begin Bits: [0x0000000012bd0000, 0x0000000014b30000)
 End Bits:   [0x0000000014b30000, 0x0000000016a90000)

Polling page: 0x0000000000910000

CodeCache: size=245760Kb used=4393Kb max_used=4393Kb free=241366Kb
 bounds [0x0000000002980000, 0x0000000002dd0000, 0x0000000011980000]
 total_blobs=1864 nmethods=1300 adapters=477
 compilation: enabled

Compilation events (10 events):
Event: 27.710 Thread 0x00000000197a1000 1304   !   3       sun.awt.GlobalCursorManager$NativeUpdater::run (43 bytes)
Event: 27.711 Thread 0x00000000197a1000 nmethod 1304 0x0000000002dc9d90 code [0x0000000002dc9f00, 0x0000000002dca328]
Event: 27.711 Thread 0x00000000197a1000 1305       3       java.awt.LightweightDispatcher::processMouseEvent (286 bytes)
Event: 27.713 Thread 0x00000000197a1000 nmethod 1305 0x0000000002dc7090 code [0x0000000002dc7400, 0x0000000002dc9218]
Event: 27.713 Thread 0x00000000197a1000 1307       3       java.util.IdentityHashMap$IdentityHashMapIterator::nextIndex (72 bytes)
Event: 27.713 Thread 0x00000000197a1000 nmethod 1307 0x0000000002dcb410 code [0x0000000002dcb5a0, 0x0000000002dcb9a8]
Event: 27.713 Thread 0x00000000197a1000 1306       3       java.awt.LightweightDispatcher::retargetMouseEnterExit (79 bytes)
Event: 27.713 Thread 0x00000000197a1000 nmethod 1306 0x0000000002dcbb10 code [0x0000000002dcbcc0, 0x0000000002dcc298]
Event: 27.828 Thread 0x00000000197a1000 1308       3       java.nio.Buffer::hasRemaining (17 bytes)
Event: 27.829 Thread 0x00000000197a1000 nmethod 1308 0x0000000002dcc410 code [0x0000000002dcc560, 0x0000000002dcc710]

GC Heap History (6 events):
Event: 10.982 GC heap before
{Heap before GC invocations=1 (full 0):
 PSYoungGen      total 37888K, used 32768K [0x00000000d6300000, 0x00000000d8d00000, 0x0000000100000000)
  eden space 32768K, 100% used [0x00000000d6300000,0x00000000d8300000,0x00000000d8300000)
  from space 5120K, 0% used [0x00000000d8800000,0x00000000d8800000,0x00000000d8d00000)
  to   space 5120K, 0% used [0x00000000d8300000,0x00000000d8300000,0x00000000d8800000)
 ParOldGen       total 86016K, used 0K [0x0000000082800000, 0x0000000087c00000, 0x00000000d6300000)
  object space 86016K, 0% used [0x0000000082800000,0x0000000082800000,0x0000000087c00000)
 Metaspace       used 15198K, capacity 15372K, committed 15744K, reserved 1062912K
  class space    used 1750K, capacity 1839K, committed 1920K, reserved 1048576K
Event: 10.990 GC heap after
Heap after GC invocations=1 (full 0):
 PSYoungGen      total 37888K, used 5110K [0x00000000d6300000, 0x00000000d8d00000, 0x0000000100000000)
  eden space 32768K, 0% used [0x00000000d6300000,0x00000000d6300000,0x00000000d8300000)
  from space 5120K, 99% used [0x00000000d8300000,0x00000000d87fd8b0,0x00000000d8800000)
  to   space 5120K, 0% used [0x00000000d8800000,0x00000000d8800000,0x00000000d8d00000)
 ParOldGen       total 86016K, used 3074K [0x0000000082800000, 0x0000000087c00000, 0x00000000d6300000)
  object space 86016K, 3% used [0x0000000082800000,0x0000000082b009f8,0x0000000087c00000)
 Metaspace       used 15198K, capacity 15372K, committed 15744K, reserved 1062912K
  class space    used 1750K, capacity 1839K, committed 1920K, reserved 1048576K
}
Event: 16.821 GC heap before
{Heap before GC invocations=2 (full 0):
 PSYoungGen      total 37888K, used 37878K [0x00000000d6300000, 0x00000000d8d00000, 0x0000000100000000)
  eden space 32768K, 100% used [0x00000000d6300000,0x00000000d8300000,0x00000000d8300000)
  from space 5120K, 99% used [0x00000000d8300000,0x00000000d87fd8b0,0x00000000d8800000)
  to   space 5120K, 0% used [0x00000000d8800000,0x00000000d8800000,0x00000000d8d00000)
 ParOldGen       total 86016K, used 3074K [0x0000000082800000, 0x0000000087c00000, 0x00000000d6300000)
  object space 86016K, 3% used [0x0000000082800000,0x0000000082b009f8,0x0000000087c00000)
 Metaspace       used 15249K, capacity 15436K, committed 15744K, reserved 1062912K
  class space    used 1750K, capacity 1839K, committed 1920K, reserved 1048576K
Event: 16.824 GC heap after
Heap after GC invocations=2 (full 0):
 PSYoungGen      total 37888K, used 4362K [0x00000000d6300000, 0x00000000d8d00000, 0x0000000100000000)
  eden space 32768K, 0% used [0x00000000d6300000,0x00000000d6300000,0x00000000d8300000)
  from space 5120K, 85% used [0x00000000d8800000,0x00000000d8c42b40,0x00000000d8d00000)
  to   space 5120K, 0% used [0x00000000d8300000,0x00000000d8300000,0x00000000d8800000)
 ParOldGen       total 86016K, used 3082K [0x0000000082800000, 0x0000000087c00000, 0x00000000d6300000)
  object space 86016K, 3% used [0x0000000082800000,0x0000000082b029f8,0x0000000087c00000)
 Metaspace       used 15249K, capacity 15436K, committed 15744K, reserved 1062912K
  class space    used 1750K, capacity 1839K, committed 1920K, reserved 1048576K
}
Event: 22.819 GC heap before
{Heap before GC invocations=3 (full 0):
 PSYoungGen      total 37888K, used 37130K [0x00000000d6300000, 0x00000000d8d00000, 0x0000000100000000)
  eden space 32768K, 100% used [0x00000000d6300000,0x00000000d8300000,0x00000000d8300000)
  from space 5120K, 85% used [0x00000000d8800000,0x00000000d8c42b40,0x00000000d8d00000)
  to   space 5120K, 0% used [0x00000000d8300000,0x00000000d8300000,0x00000000d8800000)
 ParOldGen       total 86016K, used 3082K [0x0000000082800000, 0x0000000087c00000, 0x00000000d6300000)
  object space 86016K, 3% used [0x0000000082800000,0x0000000082b029f8,0x0000000087c00000)
 Metaspace       used 15298K, capacity 15500K, committed 15744K, reserved 1062912K
  class space    used 1750K, capacity 1839K, committed 1920K, reserved 1048576K
Event: 22.822 GC heap after
Heap after GC invocations=3 (full 0):
 PSYoungGen      total 37888K, used 4586K [0x00000000d6300000, 0x00000000d8d00000, 0x0000000100000000)
  eden space 32768K, 0% used [0x00000000d6300000,0x00000000d6300000,0x00000000d8300000)
  from space 5120K, 89% used [0x00000000d8300000,0x00000000d877ab40,0x00000000d8800000)
  to   space 5120K, 0% used [0x00000000d8800000,0x00000000d8800000,0x00000000d8d00000)
 ParOldGen       total 86016K, used 3090K [0x0000000082800000, 0x0000000087c00000, 0x00000000d6300000)
  object space 86016K, 3% used [0x0000000082800000,0x0000000082b049f8,0x0000000087c00000)
 Metaspace       used 15298K, capacity 15500K, committed 15744K, reserved 1062912K
  class space    used 1750K, capacity 1839K, committed 1920K, reserved 1048576K
}

Deoptimization events (10 events):
Event: 3.556 Thread 0x000000001a8c7000 Uncommon trap: reason=class_check action=maybe_recompile pc=0x0000000002c05e28 method=java.util.HashMap.putVal(ILjava/lang/Object;Ljava/lang/Object;ZZ)Ljava/lang/Object; @ 253
Event: 3.556 Thread 0x000000001a8c7000 Uncommon trap: reason=class_check action=maybe_recompile pc=0x0000000002c05e28 method=java.util.HashMap.putVal(ILjava/lang/Object;Ljava/lang/Object;ZZ)Ljava/lang/Object; @ 253
Event: 3.711 Thread 0x000000001a8c7000 Uncommon trap: reason=unstable_if action=reinterpret pc=0x0000000002c094b8 method=sun.misc.URLClassPath.getLoader(I)Lsun/misc/URLClassPath$Loader; @ 36
Event: 3.711 Thread 0x000000001a8c7000 Uncommon trap: reason=unstable_if action=reinterpret pc=0x0000000002c08890 method=sun.misc.URLClassPath.getLoader(I)Lsun/misc/URLClassPath$Loader; @ 36
Event: 3.775 Thread 0x000000001a8c7000 Uncommon trap: reason=unstable_if action=reinterpret pc=0x0000000002c46540 method=java.util.HashMap.getNode(ILjava/lang/Object;)Ljava/util/HashMap$Node; @ 129
Event: 3.775 Thread 0x000000001a8c7000 Uncommon trap: reason=bimorphic action=maybe_recompile pc=0x0000000002c3e7e8 method=java.util.HashMap.putVal(ILjava/lang/Object;Ljava/lang/Object;ZZ)Ljava/lang/Object; @ 203
Event: 3.924 Thread 0x000000001a8c7000 Uncommon trap: reason=bimorphic action=maybe_recompile pc=0x0000000002c3e7e8 method=java.util.HashMap.putVal(ILjava/lang/Object;Ljava/lang/Object;ZZ)Ljava/lang/Object; @ 203
Event: 3.930 Thread 0x000000001a8c7000 Uncommon trap: reason=unstable_if action=reinterpret pc=0x0000000002c3e0a4 method=java.util.HashMap.putVal(ILjava/lang/Object;Ljava/lang/Object;ZZ)Ljava/lang/Object; @ 162
Event: 4.001 Thread 0x000000001a8c7000 Uncommon trap: reason=range_check action=make_not_entrant pc=0x0000000002c9aa20 method=sun.reflect.generics.parser.SignatureParser.current()C @ 34
Event: 9.493 Thread 0x000000001a6cd000 Uncommon trap: reason=unstable_if action=reinterpret pc=0x0000000002cda944 method=java.awt.image.ComponentSampleModel.getDataElements(IILjava/lang/Object;Ljava/awt/image/DataBuffer;)Ljava/lang/Object; @ 101

Internal exceptions (10 events):
Event: 3.999 Thread 0x000000001a8c7000 Exception <a 'java/lang/ArrayIndexOutOfBoundsException'> (0x00000000d75bf3b0) thrown at [C:\re\workspace\8-2-build-windows-amd64-cygwin\jdk8u131\8869\hotspot\src\share\vm\runtime\sharedRuntime.cpp, line 605]
Event: 4.001 Thread 0x000000001a8c7000 Exception <a 'java/lang/ArrayIndexOutOfBoundsException': 24> (0x00000000d75cd4c8) thrown at [C:\re\workspace\8-2-build-windows-amd64-cygwin\jdk8u131\8869\hotspot\src\share\vm\interpreter\interpreterRuntime.cpp, line 366]
Event: 4.001 Thread 0x000000001a8c7000 Exception <a 'java/lang/ArrayIndexOutOfBoundsException': 39> (0x00000000d75ce848) thrown at [C:\re\workspace\8-2-build-windows-amd64-cygwin\jdk8u131\8869\hotspot\src\share\vm\interpreter\interpreterRuntime.cpp, line 366]
Event: 4.001 Thread 0x000000001a8c7000 Exception <a 'java/lang/ArrayIndexOutOfBoundsException': 79> (0x00000000d75cf7e8) thrown at [C:\re\workspace\8-2-build-windows-amd64-cygwin\jdk8u131\8869\hotspot\src\share\vm\interpreter\interpreterRuntime.cpp, line 366]
Event: 4.002 Thread 0x000000001a8c7000 Exception <a 'java/lang/ArrayIndexOutOfBoundsException': 79> (0x00000000d75d07c8) thrown at [C:\re\workspace\8-2-build-windows-amd64-cygwin\jdk8u131\8869\hotspot\src\share\vm\interpreter\interpreterRuntime.cpp, line 366]
Event: 4.011 Thread 0x000000001a8c7000 Exception <a 'java/lang/NoSuchMethodError': getDevice> (0x00000000d75da458) thrown at [C:\re\workspace\8-2-build-windows-amd64-cygwin\jdk8u131\8869\hotspot\src\share\vm\prims\jni.cpp, line 1613]
Event: 4.011 Thread 0x000000001a8c7000 Exception <a 'java/lang/NoSuchMethodError': getNumDevices> (0x00000000d75da6b8) thrown at [C:\re\workspace\8-2-build-windows-amd64-cygwin\jdk8u131\8869\hotspot\src\share\vm\prims\jni.cpp, line 1613]
Event: 4.012 Thread 0x000000001a8c7000 Exception <a 'java/lang/NoSuchMethodError': getName> (0x00000000d75e0ca8) thrown at [C:\re\workspace\8-2-build-windows-amd64-cygwin\jdk8u131\8869\hotspot\src\share\vm\prims\jni.cpp, line 1613]
Event: 4.012 Thread 0x000000001a8c7000 Exception <a 'java/lang/NoSuchMethodError': getIdentifier> (0x00000000d75e0f10) thrown at [C:\re\workspace\8-2-build-windows-amd64-cygwin\jdk8u131\8869\hotspot\src\share\vm\prims\jni.cpp, line 1613]
Event: 9.493 Thread 0x000000001a6cd000 Implicit null exception at 0x0000000002cd9df1 to 0x0000000002cda927

Events (10 events):
Event: 22.823 Executing VM operation: RevokeBias done
Event: 23.858 Thread 0x00000000197a1000 flushing nmethod 0x0000000002a7fc10
Event: 23.858 Thread 0x00000000197a1000 flushing nmethod 0x0000000002a80610
Event: 23.858 Thread 0x00000000197a1000 flushing nmethod 0x0000000002a83210
Event: 23.858 Thread 0x00000000197a1000 flushing nmethod 0x0000000002a83550
Event: 23.858 Thread 0x00000000197a1000 flushing nmethod 0x0000000002a83bd0
Event: 23.858 Thread 0x00000000197a1000 flushing nmethod 0x0000000002a8e510
Event: 23.858 Thread 0x00000000197a1000 flushing nmethod 0x0000000002a8e9d0
Event: 23.859 Thread 0x00000000197a1000 flushing nmethod 0x0000000002aae2d0
Event: 27.828 Thread 0x000000001ad6a800 Thread added: 0x000000001ad6a800


Dynamic libraries:
0x00007ff65e1c0000 - 0x00007ff65e1f7000 	C:\Program Files\Java\jdk1.8.0_131\bin\javaw.exe
0x00007ffc50880000 - 0x00007ffc50a61000 	C:\WINDOWS\SYSTEM32\ntdll.dll
0x00007ffc502c0000 - 0x00007ffc50372000 	C:\WINDOWS\System32\KERNEL32.DLL
0x00007ffc4ce40000 - 0x00007ffc4d0b3000 	C:\WINDOWS\System32\KERNELBASE.dll
0x00007ffc4fb30000 - 0x00007ffc4fbd1000 	C:\WINDOWS\System32\ADVAPI32.dll
0x00007ffc4fa40000 - 0x00007ffc4fade000 	C:\WINDOWS\System32\msvcrt.dll
0x00007ffc4f860000 - 0x00007ffc4f8bb000 	C:\WINDOWS\System32\sechost.dll
0x00007ffc50380000 - 0x00007ffc504a4000 	C:\WINDOWS\System32\RPCRT4.dll
0x00007ffc500a0000 - 0x00007ffc50230000 	C:\WINDOWS\System32\USER32.dll
0x00007ffc4d4e0000 - 0x00007ffc4d500000 	C:\WINDOWS\System32\win32u.dll
0x00007ffc50290000 - 0x00007ffc502b8000 	C:\WINDOWS\System32\GDI32.dll
0x00007ffc4d2c0000 - 0x00007ffc4d452000 	C:\WINDOWS\System32\gdi32full.dll
0x00007ffc4d220000 - 0x00007ffc4d2bf000 	C:\WINDOWS\System32\msvcp_win.dll
0x00007ffc4d120000 - 0x00007ffc4d21a000 	C:\WINDOWS\System32\ucrtbase.dll
0x00007ffc46d70000 - 0x00007ffc46fd9000 	C:\WINDOWS\WinSxS\amd64_microsoft.windows.common-controls_6595b64144ccf1df_6.0.17134.112_none_fb3f961b30681c12\COMCTL32.dll
0x00007ffc4fd70000 - 0x00007ffc50093000 	C:\WINDOWS\System32\combase.dll
0x00007ffc4d460000 - 0x00007ffc4d4da000 	C:\WINDOWS\System32\bcryptPrimitives.dll
0x00007ffc4fae0000 - 0x00007ffc4fb0d000 	C:\WINDOWS\System32\IMM32.DLL
0x00000000631a0000 - 0x0000000063272000 	C:\Program Files\Java\jdk1.8.0_131\jre\bin\msvcr100.dll
0x0000000063370000 - 0x0000000063c0c000 	C:\Program Files\Java\jdk1.8.0_131\jre\bin\server\jvm.dll
0x00007ffc4dd80000 - 0x00007ffc4dd88000 	C:\WINDOWS\System32\PSAPI.DLL
0x00007ffc46010000 - 0x00007ffc46019000 	C:\WINDOWS\SYSTEM32\WSOCK32.dll
0x00007ffc4a470000 - 0x00007ffc4a493000 	C:\WINDOWS\SYSTEM32\WINMM.dll
0x00007ffc45330000 - 0x00007ffc4533a000 	C:\WINDOWS\SYSTEM32\VERSION.dll
0x00007ffc4f620000 - 0x00007ffc4f68c000 	C:\WINDOWS\System32\WS2_32.dll
0x00007ffc49a40000 - 0x00007ffc49a6a000 	C:\WINDOWS\SYSTEM32\winmmbase.dll
0x00007ffc4dcc0000 - 0x00007ffc4dd09000 	C:\WINDOWS\System32\cfgmgr32.dll
0x0000000063360000 - 0x000000006336f000 	C:\Program Files\Java\jdk1.8.0_131\jre\bin\verify.dll
0x0000000063330000 - 0x0000000063359000 	C:\Program Files\Java\jdk1.8.0_131\jre\bin\java.dll
0x0000000063310000 - 0x0000000063326000 	C:\Program Files\Java\jdk1.8.0_131\jre\bin\zip.dll
0x00007ffc4dd90000 - 0x00007ffc4f1d0000 	C:\WINDOWS\System32\SHELL32.dll
0x00007ffc4fcc0000 - 0x00007ffc4fd69000 	C:\WINDOWS\System32\shcore.dll
0x00007ffc4d5b0000 - 0x00007ffc4dcbd000 	C:\WINDOWS\System32\windows.storage.dll
0x00007ffc50230000 - 0x00007ffc50281000 	C:\WINDOWS\System32\shlwapi.dll
0x00007ffc4cba0000 - 0x00007ffc4cbb1000 	C:\WINDOWS\System32\kernel.appcore.dll
0x00007ffc4cbe0000 - 0x00007ffc4cbff000 	C:\WINDOWS\System32\profapi.dll
0x00007ffc4cc00000 - 0x00007ffc4cc4c000 	C:\WINDOWS\System32\powrprof.dll
0x00007ffc4cb90000 - 0x00007ffc4cb9a000 	C:\WINDOWS\System32\FLTLIB.DLL
0x0000000063000000 - 0x0000000063198000 	C:\Program Files\Java\jdk1.8.0_131\jre\bin\awt.dll
0x00007ffc4fbf0000 - 0x00007ffc4fcb2000 	C:\WINDOWS\System32\OLEAUT32.dll
0x00007ffc4ac40000 - 0x00007ffc4accb000 	C:\WINDOWS\SYSTEM32\apphelp.dll
0x00007ffc4adb0000 - 0x00007ffc4ae48000 	C:\WINDOWS\system32\uxtheme.dll
0x00007ffc4f8c0000 - 0x00007ffc4fa35000 	C:\WINDOWS\System32\MSCTF.dll
0x00007ffc4b040000 - 0x00007ffc4b069000 	C:\WINDOWS\system32\dwmapi.dll
0x00007ffc50650000 - 0x00007ffc507a1000 	C:\WINDOWS\System32\ole32.dll
0x00007ffc35230000 - 0x00007ffc35350000 	C:\WINDOWS\system32\opengl32.dll
0x00007ffc45b20000 - 0x00007ffc45b4c000 	C:\WINDOWS\SYSTEM32\GLU32.dll
0x00000000632f0000 - 0x000000006330a000 	C:\Program Files\Java\jdk1.8.0_131\jre\bin\net.dll
0x00007ffc4c410000 - 0x00007ffc4c476000 	C:\WINDOWS\system32\mswsock.dll
0x00007ffc4c1d0000 - 0x00007ffc4c28e000 	C:\WINDOWS\SYSTEM32\DNSAPI.dll
0x00007ffc4fbe0000 - 0x00007ffc4fbe8000 	C:\WINDOWS\System32\NSI.dll
0x00007ffc4c190000 - 0x00007ffc4c1c8000 	C:\WINDOWS\SYSTEM32\IPHLPAPI.DLL
0x00007ffc42470000 - 0x00007ffc4247a000 	C:\Windows\System32\rasadhlp.dll
0x00007ffc42d80000 - 0x00007ffc42df2000 	C:\WINDOWS\System32\fwpuclnt.dll
0x00007ffc4c6f0000 - 0x00007ffc4c715000 	C:\WINDOWS\SYSTEM32\bcrypt.dll
0x0000000062fb0000 - 0x0000000062ff7000 	C:\Program Files\Java\jdk1.8.0_131\jre\bin\fontmanager.dll
0x00007ffc41c90000 - 0x00007ffc41d28000 	C:\WINDOWS\System32\TextInputFramework.dll
0x00007ffc4aa40000 - 0x00007ffc4ab1a000 	C:\WINDOWS\System32\CoreMessaging.dll
0x00007ffc48360000 - 0x00007ffc4867e000 	C:\WINDOWS\System32\CoreUIComponents.dll
0x00007ffc4bc80000 - 0x00007ffc4bcb1000 	C:\WINDOWS\SYSTEM32\ntmarta.dll
0x00007ffc48ae0000 - 0x00007ffc48c2d000 	C:\WINDOWS\SYSTEM32\wintypes.dll
0x00000000632d0000 - 0x00000000632e1000 	C:\Program Files\Java\jdk1.8.0_131\jre\bin\nio.dll
0x0000000062f60000 - 0x0000000062fa2000 	C:\Program Files\Java\jdk1.8.0_131\jre\bin\t2k.dll
0x00007ffc4c5d0000 - 0x00007ffc4c5e7000 	C:\WINDOWS\SYSTEM32\CRYPTSP.dll
0x00007ffc4bff0000 - 0x00007ffc4c023000 	C:\WINDOWS\system32\rsaenh.dll
0x00007ffc4cac0000 - 0x00007ffc4cae8000 	C:\WINDOWS\SYSTEM32\USERENV.dll
0x00007ffc4c5c0000 - 0x00007ffc4c5cb000 	C:\WINDOWS\SYSTEM32\CRYPTBASE.dll
0x00007ffc43210000 - 0x00007ffc43226000 	C:\WINDOWS\SYSTEM32\dhcpcsvc6.DLL
0x00007ffc42d10000 - 0x00007ffc42d2a000 	C:\WINDOWS\SYSTEM32\dhcpcsvc.DLL
0x00007ffc37ba0000 - 0x00007ffc37bc9000 	C:\Users\Efecan\AppData\Local\Temp\BridJExtractedLibraries2986094131020750198\bridj.dll
0x00007ffc378d0000 - 0x00007ffc37906000 	C:\Users\Efecan\AppData\Local\Temp\BridJExtractedLibraries2986094131020750198\OpenIMAJGrabber.dll
0x00007ffc507b0000 - 0x00007ffc50850000 	C:\WINDOWS\System32\clbcatq.dll
0x00007ffc45bc0000 - 0x00007ffc45bd7000 	C:\Windows\System32\devenum.dll
0x00007ffc4f1d0000 - 0x00007ffc4f61b000 	C:\WINDOWS\System32\setupapi.dll
0x00007ffc4c9a0000 - 0x00007ffc4c9c7000 	C:\WINDOWS\SYSTEM32\DEVOBJ.dll
0x00007ffc4d0c0000 - 0x00007ffc4d117000 	C:\WINDOWS\System32\WINTRUST.dll
0x00007ffc4cbc0000 - 0x00007ffc4cbd2000 	C:\WINDOWS\System32\MSASN1.dll
0x00007ffc4cc50000 - 0x00007ffc4ce32000 	C:\WINDOWS\System32\CRYPT32.dll
0x00007ffc45700000 - 0x00007ffc4570a000 	C:\WINDOWS\SYSTEM32\msdmo.dll
0x00007ffc36470000 - 0x00007ffc364a3000 	C:\Windows\System32\qcap.dll
0x00007ffc1c1a0000 - 0x00007ffc1c35d000 	C:\Windows\System32\quartz.dll
0x00007ffc2f360000 - 0x00007ffc2f3ab000 	C:\Windows\System32\mfksproxy.dll
0x00007ffc2a6a0000 - 0x00007ffc2a6bd000 	C:\Windows\System32\ATL.DLL
0x00007ffc46170000 - 0x00007ffc4634c000 	C:\Windows\System32\MFPlat.DLL
0x00007ffc48e40000 - 0x00007ffc48e6e000 	C:\Windows\System32\RTWorkQ.DLL
0x00007ffc286c0000 - 0x00007ffc2870e000 	C:\Windows\System32\MFSENSORGROUP.dll
0x00007ffc28670000 - 0x00007ffc286b8000 	C:\Windows\System32\ksproxy.ax
0x00007ffc48050000 - 0x00007ffc48059000 	C:\Windows\System32\ksuser.dll
0x00007ffc16170000 - 0x00007ffc16307000 	C:\Windows\System32\d3d9.dll
0x00007ffc45340000 - 0x00007ffc453bf000 	C:\WINDOWS\SYSTEM32\policymanager.dll
0x00007ffc495d0000 - 0x00007ffc49661000 	C:\Windows\System32\msvcp110_win.dll
0x00007ffc495a0000 - 0x00007ffc495ac000 	C:\Windows\System32\vidcap.ax
0x00007ffc36580000 - 0x00007ffc365a6000 	C:\Windows\System32\kswdmcap.ax
0x00007ffc1fe90000 - 0x00007ffc1fff4000 	C:\Windows\System32\MFC42.dll
0x00007ffc1bea0000 - 0x00007ffc1bf3f000 	C:\Windows\System32\qedit.dll
0x00007ffc4f690000 - 0x00007ffc4f77d000 	C:\WINDOWS\System32\COMDLG32.dll
0x00007ffc353d0000 - 0x00007ffc353f9000 	C:\Windows\System32\MSVFW32.dll
0x00007ffc44d10000 - 0x00007ffc44eaa000 	C:\WINDOWS\WinSxS\amd64_microsoft.windows.gdiplus_6595b64144ccf1df_1.1.17134.112_none_2c2a89008afa95e0\gdiplus.dll
0x00007ffc1bda0000 - 0x00007ffc1be96000 	C:\Windows\System32\DDRAW.dll
0x00007ffc4b720000 - 0x00007ffc4b7db000 	C:\Windows\System32\dxgi.dll
0x00007ffc474b0000 - 0x00007ffc474b8000 	C:\Windows\System32\DCIMAN32.dll
0x0000000062f20000 - 0x0000000062f51000 	C:\Program Files\Java\jdk1.8.0_131\jre\bin\jpeg.dll
0x00007ffc42c50000 - 0x00007ffc42c5c000 	C:\Users\Efecan\eclipse-workspace\PlakaBulma\resources\openalprjni.dll
0x00007ffc37c10000 - 0x00007ffc37c26000 	C:\WINDOWS\SYSTEM32\VCRUNTIME140.dll
0x00007ffc1bb60000 - 0x00007ffc1bbff000 	C:\WINDOWS\SYSTEM32\MSVCP140.dll
0x00007ffc18ee0000 - 0x00007ffc19438000 	C:\Users\Efecan\eclipse-workspace\PlakaBulma\resources\openalpr.dll
0x00007ffc12800000 - 0x00007ffc1357f000 	C:\Users\Efecan\eclipse-workspace\PlakaBulma\resources\opencv_world300.dll
0x00007ffc195f0000 - 0x00007ffc198e6000 	C:\Users\Efecan\eclipse-workspace\PlakaBulma\resources\liblept170.dll
0x00007ffc37b80000 - 0x00007ffc37b9f000 	C:\WINDOWS\SYSTEM32\AVIFIL32.dll
0x00007ffc37aa0000 - 0x00007ffc37ab8000 	C:\WINDOWS\SYSTEM32\AVICAP32.dll
0x00007ffc206c0000 - 0x00007ffc20711000 	C:\WINDOWS\SYSTEM32\CONCRT140.dll
0x00007ffc373d0000 - 0x00007ffc373ec000 	C:\WINDOWS\SYSTEM32\MSACM32.dll
0x00007ffc360b0000 - 0x00007ffc360c5000 	C:\WINDOWS\SYSTEM32\OpenCL.dll
0x00007ffc1fc90000 - 0x00007ffc1fcf2000 	C:\WINDOWS\SYSTEM32\IntelOpenCL64.dll
0x00007ffc1ba60000 - 0x00007ffc1bb5d000 	C:\Program Files (x86)\Common Files\Intel\OpenCL\bin\x64\intelocl64.dll
0x00007ffc1b9e0000 - 0x00007ffc1ba56000 	C:\Program Files (x86)\Common Files\Intel\OpenCL\bin\x64\task_executor64.dll
0x00007ffc1b940000 - 0x00007ffc1b9d5000 	C:\Program Files (x86)\Common Files\Intel\OpenCL\bin\x64\cpu_device64.dll
0x00007ffc1b8d0000 - 0x00007ffc1b939000 	C:\Program Files (x86)\Common Files\Intel\OpenCL\bin\x64\tbb\tbb.dll
0x00007ffc1a0f0000 - 0x00007ffc1a2e4000 	C:\WINDOWS\SYSTEM32\igdrcl64.dll
0x00007ffc00ca0000 - 0x00007ffc02282000 	C:\WINDOWS\SYSTEM32\igdfcl64.dll
0x00007ffc3e590000 - 0x00007ffc3e759000 	C:\WINDOWS\SYSTEM32\dbghelp.dll
0x00007ffc1afc0000 - 0x00007ffc1b01f000 	C:\WINDOWS\SYSTEM32\igdbcl64.dll
0x00007ffc46460000 - 0x00007ffc468c5000 	C:\WINDOWS\SYSTEM32\igdusc64.dll

VM Arguments:
jvm_args: -Dfile.encoding=Cp1254 
java_command: com.kemk.main.Main
java_class_path (initial): C:\Program Files\Java\jdk1.8.0_131\jre\lib\resources.jar;C:\Program Files\Java\jdk1.8.0_131\jre\lib\rt.jar;C:\Program Files\Java\jdk1.8.0_131\jre\lib\jsse.jar;C:\Program Files\Java\jdk1.8.0_131\jre\lib\jce.jar;C:\Program Files\Java\jdk1.8.0_131\jre\lib\charsets.jar;C:\Program Files\Java\jdk1.8.0_131\jre\lib\jfr.jar;C:\Program Files\Java\jdk1.8.0_131\jre\lib\ext\access-bridge-64.jar;C:\Program Files\Java\jdk1.8.0_131\jre\lib\ext\cldrdata.jar;C:\Program Files\Java\jdk1.8.0_131\jre\lib\ext\dnsns.jar;C:\Program Files\Java\jdk1.8.0_131\jre\lib\ext\jaccess.jar;C:\Program Files\Java\jdk1.8.0_131\jre\lib\ext\jfxrt.jar;C:\Program Files\Java\jdk1.8.0_131\jre\lib\ext\localedata.jar;C:\Program Files\Java\jdk1.8.0_131\jre\lib\ext\nashorn.jar;C:\Program Files\Java\jdk1.8.0_131\jre\lib\ext\sunec.jar;C:\Program Files\Java\jdk1.8.0_131\jre\lib\ext\sunjce_provider.jar;C:\Program Files\Java\jdk1.8.0_131\jre\lib\ext\sunmscapi.jar;C:\Program Files\Java\jdk1.8.0_131\jre\lib\ext\sunpkcs11.jar;C:\Program Files\Java\jdk1.8.0_131\jre\lib\ext\zipfs.jar;C:\Users\Efecan\eclipse-workspace\PlakaBulma\bin;C:\Users\Efecan\Desktop\Yeni klasör (9)\poi-3.17\poi-3.17.jar;C:\Users\Efecan\Desktop\Yeni klasör (9)\com.mysql.jdbc_5.1.5.jar;C:\Users\Efecan\eclipse-workspace\PlakaBulma\jgoodies-forms-1.8.0.jar;X:\WebCamCapture\webcam-capture-0.3.10.jar;X:\WebCamCapture\libs\bridj-0.6.2.jar;X:\WebCamCapture\libs\slf4j-api-1.7.2.jar
Launcher Type: SUN_STANDARD

Environment Variables:
CLASSPATH=.;.;C:\PROGRA~2\JMF21~1.1E\lib\sound.jar;C:\PROGRA~2\JMF21~1.1E\lib\jmf.jar;C:\PROGRA~2\JMF21~1.1E\lib;
PATH=C:/Program Files/Java/jdk1.8.0_131/jre/bin/server;C:/Program Files/Java/jdk1.8.0_131/jre/bin;C:/Program Files/Java/jdk1.8.0_131/jre/lib/amd64;C:\Users\Efecan;C:\Program Files (x86)\Java\jre1.8.0_161\bin;C:\WINDOWS\System32;
USERNAME=Efecan
OS=Windows_NT
PROCESSOR_IDENTIFIER=Intel64 Family 6 Model 58 Stepping 9, GenuineIntel



---------------  S Y S T E M  ---------------

OS: Windows 10.0 , 64 bit Build 17134 (10.0.17134.1)

CPU:total 8 (initial active 8) (4 cores per cpu, 2 threads per core) family 6 model 58 stepping 9, cmov, cx8, fxsr, mmx, sse, sse2, sse3, ssse3, sse4.1, sse4.2, popcnt, avx, clmul, erms, ht, tsc, tscinvbit, tscinv

Memory: 4k page, physical 8223068k(2880916k free), swap 10189148k(3168348k free)

vm_info: Java HotSpot(TM) 64-Bit Server VM (25.131-b11) for windows-amd64 JRE (1.8.0_131-b11), built on Mar 15 2017 01:23:53 by "java_re" with MS VC++ 10.0 (VS2010)

time: Sun Jun 17 13:04:36 2018
elapsed time: 27 seconds (0d 0h 0m 27s)

