#
# A fatal error has been detected by the Java Runtime Environment:
#
#  EXCEPTION_UNCAUGHT_CXX_EXCEPTION (0xe06d7363) at pc=0x00007ffc4ce7a388, pid=9836, tid=0x00000000000014e4
#
# JRE version: Java(TM) SE Runtime Environment (8.0_131-b11) (build 1.8.0_131-b11)
# Java VM: Java HotSpot(TM) 64-Bit Server VM (25.131-b11 mixed mode windows-amd64 compressed oops)
# Problematic frame:
# C  [KERNELBASE.dll+0x3a388]
#
# Failed to write core dump. Minidumps are not enabled by default on client versions of Windows
#
# If you would like to submit a bug report, please visit:
#   http://bugreport.java.com/bugreport/crash.jsp
# The crash happened outside the Java Virtual Machine in native code.
# See problematic frame for where to report the bug.
#

---------------  T H R E A D  ---------------

Current thread (0x000000001b858800):  JavaThread "Thread-5" [_thread_in_native, id=5348, stack(0x000000001f640000,0x000000001f740000)]

siginfo: ExceptionCode=0xe06d7363, ExceptionInformation=0x0000000019930520 0x000000001f73b5a0 0x00007ffc1917cf50 0x00007ffc18ee0000 

Registers:
RAX=0x0000000017a68558, RBX=0x000000001f73b440, RCX=0x000000001d90a7f0, RDX=0x0000000017950480
RSP=0x000000001f738f90, RBP=0x000000001f739620, RSI=0x000000001f7390d0, RDI=0x000000001f739d80
R8 =0x000000001c583620, R9 =0x000000001d908410, R10=0x000000001d902d80, R11=0x000000001d8fd728
R12=0x000000001f73a398, R13=0x00007ffc190a3923, R14=0x0000000000000000, R15=0x000000001f73d430
RIP=0x00007ffc4ce7a388, EFLAGS=0x0000000000000206

Top of Stack: (sp=0x000000001f738f90)
0x000000001f738f90:   000000001d9133d8 000000001f73b440
0x000000001f738fa0:   000000001f7390d0 000000001f739d80
0x000000001f738fb0:   00000001e06d7363 0000000000000000
0x000000001f738fc0:   00007ffc4ce7a388 0000000000000004
0x000000001f738fd0:   0000000019930520 000000001f73b5a0
0x000000001f738fe0:   00007ffc1917cf50 00007ffc18ee0000
0x000000001f738ff0:   0000e60557ffbb0c 00007ffc190a3973
0x000000001f739000:   0000000000000008 00007ffc37c14734
0x000000001f739010:   0000000000000008 000000001f739620
0x000000001f739020:   0000e60557ffbb3c 000000001f739620
0x000000001f739030:   000000001f739d80 00007ffc37c14751
0x000000001f739040:   000000001f73b440 000000001f7390d0
0x000000001f739050:   0000caa611dd426d 0000000017c59f18
0x000000001f739060:   000000001f73b440 00007ffc37c12d66
0x000000001f739070:   00007ffc190a3923 000000001f73a398
0x000000001f739080:   0000000000000100 0000000017c0ff20 

Instructions: (pc=0x00007ffc4ce7a388)
0x00007ffc4ce7a368:   49 8b d1 44 0f 47 c0 44 89 44 24 38 49 c1 e0 03
0x00007ffc4ce7a378:   e8 da 3d 04 00 48 8d 4c 24 20 ff 15 50 81 14 00
0x00007ffc4ce7a388:   48 8b 8c 24 c0 00 00 00 48 33 cc e8 08 fe 03 00
0x00007ffc4ce7a398:   48 81 c4 d8 00 00 00 c3 83 64 24 38 00 eb d6 cc 


Register to memory mapping:

RAX={method} {0x0000000017a68560} 'copyOf' '([BI)[B' in 'java/util/Arrays'
RBX=0x000000001f73b440 is pointing into the stack for thread: 0x000000001b858800
RCX=0x000000001d90a7f0 is pointing into metadata
RDX={method} {0x0000000017950488} '<init>' '()V' in 'java/lang/Object'
RSP=0x000000001f738f90 is pointing into the stack for thread: 0x000000001b858800
RBP=0x000000001f739620 is pointing into the stack for thread: 0x000000001b858800
RSI=0x000000001f7390d0 is pointing into the stack for thread: 0x000000001b858800
RDI=0x000000001f739d80 is pointing into the stack for thread: 0x000000001b858800
R8 ={method} {0x000000001c583628} '<init>' '(IIII)V' in 'java/awt/image/SampleModel'
R9 =0x000000001d908410 is pointing into metadata
R10=0x000000001d902d80 is pointing into metadata
R11=0x000000001d8fd728 is pointing into metadata
R12=0x000000001f73a398 is pointing into the stack for thread: 0x000000001b858800
R13=0x00007ffc190a3923 is an unknown value
R14=0x0000000000000000 is an unknown value
R15=0x000000001f73d430 is pointing into the stack for thread: 0x000000001b858800


Stack: [0x000000001f640000,0x000000001f740000],  sp=0x000000001f738f90,  free space=995k
Native frames: (J=compiled Java code, j=interpreted, Vv=VM code, C=native code)
C  [KERNELBASE.dll+0x3a388]
C  [VCRUNTIME140.dll+0x2d66]
C  [ntdll.dll+0x9e273]
C  [openalpr.dll+0x1c3911]
C  [VCRUNTIME140.dll+0xc1e0]
C  [VCRUNTIME140.dll+0x2d03]
C  [ntdll.dll+0x9e273]
C  [openalpr.dll+0xe00a]
C  [openalpr.dll+0xe842]
C  [openalpr.dll+0x50a72]
C  [openalpr.dll+0x69da3]
C  [openalpr.dll+0x198c6]
C  [openalpr.dll+0x18fa4]
C  [openalpr.dll+0x18ea5]
C  [openalpr.dll+0x18959]
C  [openalpr.dll+0xf39a]
C  [openalprjni.dll+0x2cab]
C  0x0000000003467f74

Java frames: (J=compiled Java code, j=interpreted, Vv=VM code)
j  com.openalpr.jni.Alpr.native_recognize([B)Ljava/lang/String;+0
j  com.openalpr.jni.Alpr.recognize([B)Lcom/openalpr/jni/AlprResults;+2
j  com.kemk.ui.CameraPanel$1.run()V+90
j  java.lang.Thread.run()V+11
v  ~StubRoutines::call_stub

---------------  P R O C E S S  ---------------

Java Threads: ( => current thread )
=>0x000000001b858800 JavaThread "Thread-5" [_thread_in_native, id=5348, stack(0x000000001f640000,0x000000001f740000)]
  0x000000001b85b000 JavaThread "frames-refresher-[0]" daemon [_thread_blocked, id=5032, stack(0x000000001f540000,0x000000001f640000)]
  0x000000001b858000 JavaThread "webcam-lock-[HD Webcam 0]" daemon [_thread_blocked, id=12668, stack(0x000000001ead0000,0x000000001ebd0000)]
  0x000000001b857000 JavaThread "webcam-discovery-service" daemon [_thread_blocked, id=11868, stack(0x000000001e9d0000,0x000000001ead0000)]
  0x000000001b368000 JavaThread "atomic-processor-1" daemon [_thread_in_native, id=7088, stack(0x000000001d5e0000,0x000000001d6e0000)]
  0x000000001b269800 JavaThread "MySQL Statement Cancellation Timer" daemon [_thread_blocked, id=11208, stack(0x000000001c2a0000,0x000000001c3a0000)]
  0x000000000334d800 JavaThread "DestroyJavaVM" [_thread_blocked, id=1936, stack(0x00000000031c0000,0x00000000032c0000)]
  0x000000001b188800 JavaThread "AWT-EventQueue-0" [_thread_blocked, id=11640, stack(0x000000001bd90000,0x000000001be90000)]
  0x000000001b186000 JavaThread "AWT-Windows" daemon [_thread_in_native, id=3096, stack(0x000000001bb20000,0x000000001bc20000)]
  0x000000001b185800 JavaThread "AWT-Shutdown" [_thread_blocked, id=6360, stack(0x000000001ba20000,0x000000001bb20000)]
  0x000000001b182800 JavaThread "Java2D Disposer" daemon [_thread_blocked, id=11336, stack(0x000000001b920000,0x000000001ba20000)]
  0x000000001a2c9000 JavaThread "Service Thread" daemon [_thread_blocked, id=1860, stack(0x000000001adf0000,0x000000001aef0000)]
  0x000000001a242800 JavaThread "C1 CompilerThread3" daemon [_thread_blocked, id=12220, stack(0x000000001acf0000,0x000000001adf0000)]
  0x000000001a23b800 JavaThread "C2 CompilerThread2" daemon [_thread_blocked, id=6232, stack(0x000000001abf0000,0x000000001acf0000)]
  0x000000001a22c000 JavaThread "C2 CompilerThread1" daemon [_thread_blocked, id=12448, stack(0x000000001aaf0000,0x000000001abf0000)]
  0x000000001a228800 JavaThread "C2 CompilerThread0" daemon [_thread_blocked, id=1088, stack(0x000000001a9f0000,0x000000001aaf0000)]
  0x000000001a227000 JavaThread "Attach Listener" daemon [_thread_blocked, id=960, stack(0x000000001a8f0000,0x000000001a9f0000)]
  0x000000001a226000 JavaThread "Signal Dispatcher" daemon [_thread_blocked, id=8716, stack(0x000000001a7f0000,0x000000001a8f0000)]
  0x000000001a220800 JavaThread "Finalizer" daemon [_thread_blocked, id=1520, stack(0x000000001a600000,0x000000001a700000)]
  0x000000001833d800 JavaThread "Reference Handler" daemon [_thread_blocked, id=8712, stack(0x000000001a100000,0x000000001a200000)]

Other Threads:
  0x0000000018338800 VMThread [stack: 0x000000001a000000,0x000000001a100000] [id=13256]
  0x000000001a2e7000 WatcherThread [stack: 0x000000001aef0000,0x000000001aff0000] [id=11428]

VM state:not at safepoint (normal execution)

VM Mutex/Monitor currently owned by a thread: None

Heap:
 PSYoungGen      total 37888K, used 27043K [0x00000000d6300000, 0x00000000d8d00000, 0x0000000100000000)
  eden space 32768K, 82% used [0x00000000d6300000,0x00000000d7d68da0,0x00000000d8300000)
  from space 5120K, 0% used [0x00000000d8800000,0x00000000d8800000,0x00000000d8d00000)
  to   space 5120K, 0% used [0x00000000d8300000,0x00000000d8300000,0x00000000d8800000)
 ParOldGen       total 86016K, used 0K [0x0000000082800000, 0x0000000087c00000, 0x00000000d6300000)
  object space 86016K, 0% used [0x0000000082800000,0x0000000082800000,0x0000000087c00000)
 Metaspace       used 15188K, capacity 15336K, committed 15744K, reserved 1062912K
  class space    used 1749K, capacity 1807K, committed 1920K, reserved 1048576K

Card table byte_map: [0x0000000012810000,0x0000000012c00000] byte_map_base: 0x00000000123fc000

Marking Bits: (ParMarkBitMap*) 0x0000000063b8c720
 Begin Bits: [0x00000000136a0000, 0x0000000015600000)
 End Bits:   [0x0000000015600000, 0x0000000017560000)

Polling page: 0x0000000000fe0000

CodeCache: size=245760Kb used=3433Kb max_used=3447Kb free=242326Kb
 bounds [0x0000000003450000, 0x00000000037c0000, 0x0000000012450000]
 total_blobs=1490 nmethods=926 adapters=477
 compilation: enabled

Compilation events (10 events):
Event: 8.553 Thread 0x000000001a242800 nmethod 917 0x000000000379f9d0 code [0x000000000379fc00, 0x00000000037a0798]
Event: 8.553 Thread 0x000000001a242800  921       3       java.awt.image.Raster::getPixels (29 bytes)
Event: 8.554 Thread 0x000000001a242800 nmethod 921 0x0000000003798b50 code [0x0000000003798cc0, 0x0000000003798f08]
Event: 8.554 Thread 0x000000001a242800  924 %     3       sun.java2d.loops.OpaqueCopyAnyToArgb::Blit @ 163 (234 bytes)
Event: 8.555 Thread 0x000000001a242800 nmethod 924% 0x00000000037a8a90 code [0x00000000037a8d20, 0x00000000037aa1f8]
Event: 8.555 Thread 0x000000001a242800  925       3       sun.java2d.loops.OpaqueCopyAnyToArgb::Blit (234 bytes)
Event: 8.556 Thread 0x000000001a242800 nmethod 925 0x00000000037ab250 code [0x00000000037ab4a0, 0x00000000037ac5b8]
Event: 8.562 Thread 0x000000001a22c000 nmethod 908 0x00000000037af5d0 code [0x00000000037af7a0, 0x00000000037b04b8]
Event: 8.565 Thread 0x000000001a242800  926       1       java.awt.Component::isVisible_NoClientCode (5 bytes)
Event: 8.566 Thread 0x000000001a242800 nmethod 926 0x0000000003798890 code [0x00000000037989e0, 0x0000000003798af0]

GC Heap History (0 events):
No events

Deoptimization events (10 events):
Event: 0.695 Thread 0x000000001b186000 Uncommon trap: reason=unstable_if action=reinterpret pc=0x000000000360f080 method=java.lang.CharacterData.of(I)Ljava/lang/CharacterData; @ 4
Event: 3.396 Thread 0x000000001b368000 Uncommon trap: reason=unstable_if action=reinterpret pc=0x00000000036cfd38 method=sun.misc.URLClassPath.getLoader(I)Lsun/misc/URLClassPath$Loader; @ 36
Event: 3.396 Thread 0x000000001b368000 Uncommon trap: reason=unstable_if action=reinterpret pc=0x00000000036cf110 method=sun.misc.URLClassPath.getLoader(I)Lsun/misc/URLClassPath$Loader; @ 36
Event: 3.459 Thread 0x000000001b368000 Uncommon trap: reason=bimorphic action=maybe_recompile pc=0x00000000036d71c4 method=java.util.HashMap.putVal(ILjava/lang/Object;Ljava/lang/Object;ZZ)Ljava/lang/Object; @ 203
Event: 3.466 Thread 0x000000001b368000 Uncommon trap: reason=class_check action=maybe_recompile pc=0x00000000036d712c method=java.util.HashMap.putVal(ILjava/lang/Object;Ljava/lang/Object;ZZ)Ljava/lang/Object; @ 253
Event: 3.466 Thread 0x000000001b368000 Uncommon trap: reason=class_check action=maybe_recompile pc=0x00000000036d712c method=java.util.HashMap.putVal(ILjava/lang/Object;Ljava/lang/Object;ZZ)Ljava/lang/Object; @ 253
Event: 3.527 Thread 0x000000001b368000 Uncommon trap: reason=class_check action=maybe_recompile pc=0x00000000036d712c method=java.util.HashMap.putVal(ILjava/lang/Object;Ljava/lang/Object;ZZ)Ljava/lang/Object; @ 253
Event: 3.527 Thread 0x000000001b368000 Uncommon trap: reason=class_check action=maybe_recompile pc=0x00000000036d712c method=java.util.HashMap.putVal(ILjava/lang/Object;Ljava/lang/Object;ZZ)Ljava/lang/Object; @ 253
Event: 3.586 Thread 0x000000001b368000 Uncommon trap: reason=unstable_if action=reinterpret pc=0x000000000372aa00 method=java.util.HashMap.putVal(ILjava/lang/Object;Ljava/lang/Object;ZZ)Ljava/lang/Object; @ 162
Event: 3.657 Thread 0x000000001b368000 Uncommon trap: reason=range_check action=make_not_entrant pc=0x0000000003763060 method=sun.reflect.generics.parser.SignatureParser.current()C @ 34

Internal exceptions (10 events):
Event: 3.655 Thread 0x000000001b368000 Exception <a 'java/lang/NoSuchMethodError': apply> (0x00000000d75b8648) thrown at [C:\re\workspace\8-2-build-windows-amd64-cygwin\jdk8u131\8869\hotspot\src\share\vm\prims\jni.cpp, line 1613]
Event: 3.656 Thread 0x000000001b368000 Exception <a 'java/lang/ArrayIndexOutOfBoundsException'> (0x00000000d75beba0) thrown at [C:\re\workspace\8-2-build-windows-amd64-cygwin\jdk8u131\8869\hotspot\src\share\vm\runtime\sharedRuntime.cpp, line 605]
Event: 3.657 Thread 0x000000001b368000 Exception <a 'java/lang/ArrayIndexOutOfBoundsException': 85> (0x00000000d75cd170) thrown at [C:\re\workspace\8-2-build-windows-amd64-cygwin\jdk8u131\8869\hotspot\src\share\vm\interpreter\interpreterRuntime.cpp, line 366]
Event: 3.658 Thread 0x000000001b368000 Exception <a 'java/lang/ArrayIndexOutOfBoundsException': 39> (0x00000000d75ce778) thrown at [C:\re\workspace\8-2-build-windows-amd64-cygwin\jdk8u131\8869\hotspot\src\share\vm\interpreter\interpreterRuntime.cpp, line 366]
Event: 3.658 Thread 0x000000001b368000 Exception <a 'java/lang/ArrayIndexOutOfBoundsException': 79> (0x00000000d75cf788) thrown at [C:\re\workspace\8-2-build-windows-amd64-cygwin\jdk8u131\8869\hotspot\src\share\vm\interpreter\interpreterRuntime.cpp, line 366]
Event: 3.658 Thread 0x000000001b368000 Exception <a 'java/lang/ArrayIndexOutOfBoundsException': 79> (0x00000000d75d0a30) thrown at [C:\re\workspace\8-2-build-windows-amd64-cygwin\jdk8u131\8869\hotspot\src\share\vm\interpreter\interpreterRuntime.cpp, line 366]
Event: 3.667 Thread 0x000000001b368000 Exception <a 'java/lang/NoSuchMethodError': getDevice> (0x00000000d75da388) thrown at [C:\re\workspace\8-2-build-windows-amd64-cygwin\jdk8u131\8869\hotspot\src\share\vm\prims\jni.cpp, line 1613]
Event: 3.667 Thread 0x000000001b368000 Exception <a 'java/lang/NoSuchMethodError': getNumDevices> (0x00000000d75da5e8) thrown at [C:\re\workspace\8-2-build-windows-amd64-cygwin\jdk8u131\8869\hotspot\src\share\vm\prims\jni.cpp, line 1613]
Event: 3.668 Thread 0x000000001b368000 Exception <a 'java/lang/NoSuchMethodError': getName> (0x00000000d75e0bd8) thrown at [C:\re\workspace\8-2-build-windows-amd64-cygwin\jdk8u131\8869\hotspot\src\share\vm\prims\jni.cpp, line 1613]
Event: 3.668 Thread 0x000000001b368000 Exception <a 'java/lang/NoSuchMethodError': getIdentifier> (0x00000000d75e0e40) thrown at [C:\re\workspace\8-2-build-windows-amd64-cygwin\jdk8u131\8869\hotspot\src\share\vm\prims\jni.cpp, line 1613]

Events (10 events):
Event: 8.552 Thread 0x000000001b858800 DEOPT PACKING pc=0x000000000377bebf sp=0x000000001f73de80
Event: 8.552 Thread 0x000000001b858800 DEOPT UNPACKING pc=0x000000000349787f sp=0x000000001f73dbc8 mode 0
Event: 8.552 Thread 0x000000001b858800 DEOPT PACKING pc=0x000000000377bebf sp=0x000000001f73de80
Event: 8.552 Thread 0x000000001b858800 DEOPT UNPACKING pc=0x000000000349787f sp=0x000000001f73dbc8 mode 0
Event: 8.552 Thread 0x000000001b858800 DEOPT PACKING pc=0x000000000377bebf sp=0x000000001f73de80
Event: 8.552 Thread 0x000000001b858800 DEOPT UNPACKING pc=0x000000000349787f sp=0x000000001f73dbc8 mode 0
Event: 8.564 loading class javax/swing/CellRendererPane
Event: 8.565 loading class javax/swing/CellRendererPane done
Event: 8.565 loading class javax/swing/RepaintManager$3
Event: 8.565 loading class javax/swing/RepaintManager$3 done


Dynamic libraries:
0x00007ff65e1c0000 - 0x00007ff65e1f7000 	C:\Program Files\Java\jdk1.8.0_131\bin\javaw.exe
0x00007ffc50880000 - 0x00007ffc50a61000 	C:\WINDOWS\SYSTEM32\ntdll.dll
0x00007ffc502c0000 - 0x00007ffc50372000 	C:\WINDOWS\System32\KERNEL32.DLL
0x00007ffc4ce40000 - 0x00007ffc4d0b3000 	C:\WINDOWS\System32\KERNELBASE.dll
0x00007ffc4fb30000 - 0x00007ffc4fbd1000 	C:\WINDOWS\System32\ADVAPI32.dll
0x00007ffc4fa40000 - 0x00007ffc4fade000 	C:\WINDOWS\System32\msvcrt.dll
0x00007ffc4f860000 - 0x00007ffc4f8bb000 	C:\WINDOWS\System32\sechost.dll
0x00007ffc50380000 - 0x00007ffc504a4000 	C:\WINDOWS\System32\RPCRT4.dll
0x00007ffc500a0000 - 0x00007ffc50230000 	C:\WINDOWS\System32\USER32.dll
0x00007ffc4d4e0000 - 0x00007ffc4d500000 	C:\WINDOWS\System32\win32u.dll
0x00007ffc50290000 - 0x00007ffc502b8000 	C:\WINDOWS\System32\GDI32.dll
0x00007ffc4d2c0000 - 0x00007ffc4d452000 	C:\WINDOWS\System32\gdi32full.dll
0x00007ffc4d220000 - 0x00007ffc4d2bf000 	C:\WINDOWS\System32\msvcp_win.dll
0x00007ffc4d120000 - 0x00007ffc4d21a000 	C:\WINDOWS\System32\ucrtbase.dll
0x00007ffc46d70000 - 0x00007ffc46fd9000 	C:\WINDOWS\WinSxS\amd64_microsoft.windows.common-controls_6595b64144ccf1df_6.0.17134.112_none_fb3f961b30681c12\COMCTL32.dll
0x00007ffc4fd70000 - 0x00007ffc50093000 	C:\WINDOWS\System32\combase.dll
0x00007ffc4d460000 - 0x00007ffc4d4da000 	C:\WINDOWS\System32\bcryptPrimitives.dll
0x00007ffc4fae0000 - 0x00007ffc4fb0d000 	C:\WINDOWS\System32\IMM32.DLL
0x00000000631a0000 - 0x0000000063272000 	C:\Program Files\Java\jdk1.8.0_131\jre\bin\msvcr100.dll
0x0000000063370000 - 0x0000000063c0c000 	C:\Program Files\Java\jdk1.8.0_131\jre\bin\server\jvm.dll
0x00007ffc4dd80000 - 0x00007ffc4dd88000 	C:\WINDOWS\System32\PSAPI.DLL
0x00007ffc46010000 - 0x00007ffc46019000 	C:\WINDOWS\SYSTEM32\WSOCK32.dll
0x00007ffc4a470000 - 0x00007ffc4a493000 	C:\WINDOWS\SYSTEM32\WINMM.dll
0x00007ffc4f620000 - 0x00007ffc4f68c000 	C:\WINDOWS\System32\WS2_32.dll
0x00007ffc45330000 - 0x00007ffc4533a000 	C:\WINDOWS\SYSTEM32\VERSION.dll
0x00007ffc49a40000 - 0x00007ffc49a6a000 	C:\WINDOWS\SYSTEM32\WINMMBASE.dll
0x00007ffc4dcc0000 - 0x00007ffc4dd09000 	C:\WINDOWS\System32\cfgmgr32.dll
0x0000000063360000 - 0x000000006336f000 	C:\Program Files\Java\jdk1.8.0_131\jre\bin\verify.dll
0x0000000063330000 - 0x0000000063359000 	C:\Program Files\Java\jdk1.8.0_131\jre\bin\java.dll
0x0000000063310000 - 0x0000000063326000 	C:\Program Files\Java\jdk1.8.0_131\jre\bin\zip.dll
0x00007ffc4dd90000 - 0x00007ffc4f1d0000 	C:\WINDOWS\System32\SHELL32.dll
0x00007ffc4fcc0000 - 0x00007ffc4fd69000 	C:\WINDOWS\System32\shcore.dll
0x00007ffc4d5b0000 - 0x00007ffc4dcbd000 	C:\WINDOWS\System32\windows.storage.dll
0x00007ffc50230000 - 0x00007ffc50281000 	C:\WINDOWS\System32\shlwapi.dll
0x00007ffc4cba0000 - 0x00007ffc4cbb1000 	C:\WINDOWS\System32\kernel.appcore.dll
0x00007ffc4cbe0000 - 0x00007ffc4cbff000 	C:\WINDOWS\System32\profapi.dll
0x00007ffc4cc00000 - 0x00007ffc4cc4c000 	C:\WINDOWS\System32\powrprof.dll
0x00007ffc4cb90000 - 0x00007ffc4cb9a000 	C:\WINDOWS\System32\FLTLIB.DLL
0x0000000063000000 - 0x0000000063198000 	C:\Program Files\Java\jdk1.8.0_131\jre\bin\awt.dll
0x00007ffc4fbf0000 - 0x00007ffc4fcb2000 	C:\WINDOWS\System32\OLEAUT32.dll
0x00007ffc4ac40000 - 0x00007ffc4accb000 	C:\WINDOWS\SYSTEM32\apphelp.dll
0x00007ffc4adb0000 - 0x00007ffc4ae48000 	C:\WINDOWS\system32\uxtheme.dll
0x00007ffc4f8c0000 - 0x00007ffc4fa35000 	C:\WINDOWS\System32\MSCTF.dll
0x00007ffc4b040000 - 0x00007ffc4b069000 	C:\WINDOWS\system32\dwmapi.dll
0x00007ffc50650000 - 0x00007ffc507a1000 	C:\WINDOWS\System32\ole32.dll
0x00007ffc35230000 - 0x00007ffc35350000 	C:\WINDOWS\system32\opengl32.dll
0x00007ffc45b20000 - 0x00007ffc45b4c000 	C:\WINDOWS\SYSTEM32\GLU32.dll
0x00000000632f0000 - 0x000000006330a000 	C:\Program Files\Java\jdk1.8.0_131\jre\bin\net.dll
0x00007ffc4c410000 - 0x00007ffc4c476000 	C:\WINDOWS\system32\mswsock.dll
0x00007ffc4c1d0000 - 0x00007ffc4c28e000 	C:\WINDOWS\SYSTEM32\DNSAPI.dll
0x00007ffc4fbe0000 - 0x00007ffc4fbe8000 	C:\WINDOWS\System32\NSI.dll
0x00007ffc4c190000 - 0x00007ffc4c1c8000 	C:\WINDOWS\SYSTEM32\IPHLPAPI.DLL
0x00007ffc42470000 - 0x00007ffc4247a000 	C:\Windows\System32\rasadhlp.dll
0x00007ffc42d80000 - 0x00007ffc42df2000 	C:\WINDOWS\System32\fwpuclnt.dll
0x00007ffc4c6f0000 - 0x00007ffc4c715000 	C:\WINDOWS\SYSTEM32\bcrypt.dll
0x0000000062fb0000 - 0x0000000062ff7000 	C:\Program Files\Java\jdk1.8.0_131\jre\bin\fontmanager.dll
0x00007ffc41c90000 - 0x00007ffc41d28000 	C:\WINDOWS\System32\TextInputFramework.dll
0x00007ffc48360000 - 0x00007ffc4867e000 	C:\WINDOWS\System32\CoreUIComponents.dll
0x00007ffc4aa40000 - 0x00007ffc4ab1a000 	C:\WINDOWS\System32\CoreMessaging.dll
0x00007ffc4bc80000 - 0x00007ffc4bcb1000 	C:\WINDOWS\SYSTEM32\ntmarta.dll
0x00007ffc48ae0000 - 0x00007ffc48c2d000 	C:\WINDOWS\SYSTEM32\wintypes.dll
0x00000000632d0000 - 0x00000000632e1000 	C:\Program Files\Java\jdk1.8.0_131\jre\bin\nio.dll
0x0000000062f60000 - 0x0000000062fa2000 	C:\Program Files\Java\jdk1.8.0_131\jre\bin\t2k.dll
0x00007ffc4c5d0000 - 0x00007ffc4c5e7000 	C:\WINDOWS\SYSTEM32\CRYPTSP.dll
0x00007ffc4bff0000 - 0x00007ffc4c023000 	C:\WINDOWS\system32\rsaenh.dll
0x00007ffc4cac0000 - 0x00007ffc4cae8000 	C:\WINDOWS\SYSTEM32\USERENV.dll
0x00007ffc4c5c0000 - 0x00007ffc4c5cb000 	C:\WINDOWS\SYSTEM32\CRYPTBASE.dll
0x00007ffc43210000 - 0x00007ffc43226000 	C:\WINDOWS\SYSTEM32\dhcpcsvc6.DLL
0x00007ffc42d10000 - 0x00007ffc42d2a000 	C:\WINDOWS\SYSTEM32\dhcpcsvc.DLL
0x00007ffc37ba0000 - 0x00007ffc37bc9000 	C:\Users\Efecan\AppData\Local\Temp\BridJExtractedLibraries7813097494527082285\bridj.dll
0x00007ffc378d0000 - 0x00007ffc37906000 	C:\Users\Efecan\AppData\Local\Temp\BridJExtractedLibraries7813097494527082285\OpenIMAJGrabber.dll
0x00007ffc507b0000 - 0x00007ffc50850000 	C:\WINDOWS\System32\clbcatq.dll
0x00007ffc45bc0000 - 0x00007ffc45bd7000 	C:\Windows\System32\devenum.dll
0x00007ffc4f1d0000 - 0x00007ffc4f61b000 	C:\WINDOWS\System32\setupapi.dll
0x00007ffc4c9a0000 - 0x00007ffc4c9c7000 	C:\WINDOWS\SYSTEM32\DEVOBJ.dll
0x00007ffc4d0c0000 - 0x00007ffc4d117000 	C:\WINDOWS\System32\WINTRUST.dll
0x00007ffc4cbc0000 - 0x00007ffc4cbd2000 	C:\WINDOWS\System32\MSASN1.dll
0x00007ffc4cc50000 - 0x00007ffc4ce32000 	C:\WINDOWS\System32\CRYPT32.dll
0x00007ffc45700000 - 0x00007ffc4570a000 	C:\WINDOWS\SYSTEM32\msdmo.dll
0x00007ffc36470000 - 0x00007ffc364a3000 	C:\Windows\System32\qcap.dll
0x00007ffc1c1a0000 - 0x00007ffc1c35d000 	C:\Windows\System32\quartz.dll
0x00007ffc2f360000 - 0x00007ffc2f3ab000 	C:\Windows\System32\mfksproxy.dll
0x00007ffc2a6a0000 - 0x00007ffc2a6bd000 	C:\Windows\System32\ATL.DLL
0x00007ffc46170000 - 0x00007ffc4634c000 	C:\Windows\System32\MFPlat.DLL
0x00007ffc48e40000 - 0x00007ffc48e6e000 	C:\Windows\System32\RTWorkQ.DLL
0x00007ffc29730000 - 0x00007ffc2977e000 	C:\Windows\System32\MFSENSORGROUP.dll
0x00007ffc286c0000 - 0x00007ffc28708000 	C:\Windows\System32\ksproxy.ax
0x00007ffc48050000 - 0x00007ffc48059000 	C:\Windows\System32\ksuser.dll
0x00007ffc16170000 - 0x00007ffc16307000 	C:\Windows\System32\d3d9.dll
0x00007ffc45340000 - 0x00007ffc453bf000 	C:\WINDOWS\SYSTEM32\policymanager.dll
0x00007ffc495d0000 - 0x00007ffc49661000 	C:\Windows\System32\msvcp110_win.dll
0x00007ffc495a0000 - 0x00007ffc495ac000 	C:\Windows\System32\vidcap.ax
0x00007ffc36580000 - 0x00007ffc365a6000 	C:\Windows\System32\kswdmcap.ax
0x00007ffc1fe90000 - 0x00007ffc1fff4000 	C:\Windows\System32\MFC42.dll
0x00007ffc20160000 - 0x00007ffc201ff000 	C:\Windows\System32\qedit.dll
0x00007ffc4f690000 - 0x00007ffc4f77d000 	C:\WINDOWS\System32\COMDLG32.dll
0x00007ffc353d0000 - 0x00007ffc353f9000 	C:\Windows\System32\MSVFW32.dll
0x00007ffc44d10000 - 0x00007ffc44eaa000 	C:\WINDOWS\WinSxS\amd64_microsoft.windows.gdiplus_6595b64144ccf1df_1.1.17134.112_none_2c2a89008afa95e0\gdiplus.dll
0x00007ffc1be40000 - 0x00007ffc1bf36000 	C:\Windows\System32\DDRAW.dll
0x00007ffc474b0000 - 0x00007ffc474b8000 	C:\Windows\System32\DCIMAN32.dll
0x00007ffc4b720000 - 0x00007ffc4b7db000 	C:\Windows\System32\dxgi.dll
0x00007ffc42c50000 - 0x00007ffc42c5c000 	C:\Users\Efecan\eclipse-workspace\PlakaBulma\resources\openalprjni.dll
0x00007ffc200c0000 - 0x00007ffc2015f000 	C:\WINDOWS\SYSTEM32\MSVCP140.dll
0x00007ffc37c10000 - 0x00007ffc37c26000 	C:\WINDOWS\SYSTEM32\VCRUNTIME140.dll
0x00007ffc18ee0000 - 0x00007ffc19438000 	C:\Users\Efecan\eclipse-workspace\PlakaBulma\resources\openalpr.dll
0x00007ffc1b900000 - 0x00007ffc1bbf6000 	C:\Users\Efecan\eclipse-workspace\PlakaBulma\resources\liblept170.dll
0x00007ffc12800000 - 0x00007ffc1357f000 	C:\Users\Efecan\eclipse-workspace\PlakaBulma\resources\opencv_world300.dll
0x00007ffc37b80000 - 0x00007ffc37b9f000 	C:\WINDOWS\SYSTEM32\AVIFIL32.dll
0x00007ffc37aa0000 - 0x00007ffc37ab8000 	C:\WINDOWS\SYSTEM32\AVICAP32.dll
0x00007ffc28660000 - 0x00007ffc286b1000 	C:\WINDOWS\SYSTEM32\CONCRT140.dll
0x00007ffc373d0000 - 0x00007ffc373ec000 	C:\WINDOWS\SYSTEM32\MSACM32.dll
0x00007ffc360b0000 - 0x00007ffc360c5000 	C:\WINDOWS\SYSTEM32\OpenCL.dll
0x00007ffc206b0000 - 0x00007ffc20712000 	C:\WINDOWS\SYSTEM32\IntelOpenCL64.dll
0x00007ffc1af20000 - 0x00007ffc1b01d000 	C:\Program Files (x86)\Common Files\Intel\OpenCL\bin\x64\intelocl64.dll
0x00007ffc1fcf0000 - 0x00007ffc1fd66000 	C:\Program Files (x86)\Common Files\Intel\OpenCL\bin\x64\task_executor64.dll
0x00007ffc1bda0000 - 0x00007ffc1be35000 	C:\Program Files (x86)\Common Files\Intel\OpenCL\bin\x64\cpu_device64.dll
0x00007ffc1a280000 - 0x00007ffc1a2e9000 	C:\Program Files (x86)\Common Files\Intel\OpenCL\bin\x64\tbb\tbb.dll
0x00007ffc1a080000 - 0x00007ffc1a274000 	C:\WINDOWS\SYSTEM32\igdrcl64.dll
0x00007ffc00ca0000 - 0x00007ffc02282000 	C:\WINDOWS\SYSTEM32\igdfcl64.dll
0x00007ffc3e590000 - 0x00007ffc3e759000 	C:\WINDOWS\SYSTEM32\dbghelp.dll
0x00007ffc1fc90000 - 0x00007ffc1fcef000 	C:\WINDOWS\SYSTEM32\igdbcl64.dll
0x00007ffc46460000 - 0x00007ffc468c5000 	C:\WINDOWS\SYSTEM32\igdusc64.dll
0x0000000062f20000 - 0x0000000062f51000 	C:\Program Files\Java\jdk1.8.0_131\jre\bin\jpeg.dll

VM Arguments:
jvm_args: -Dfile.encoding=Cp1254 
java_command: com.kemk.main.Main
java_class_path (initial): C:\Program Files\Java\jdk1.8.0_131\jre\lib\resources.jar;C:\Program Files\Java\jdk1.8.0_131\jre\lib\rt.jar;C:\Program Files\Java\jdk1.8.0_131\jre\lib\jsse.jar;C:\Program Files\Java\jdk1.8.0_131\jre\lib\jce.jar;C:\Program Files\Java\jdk1.8.0_131\jre\lib\charsets.jar;C:\Program Files\Java\jdk1.8.0_131\jre\lib\jfr.jar;C:\Program Files\Java\jdk1.8.0_131\jre\lib\ext\access-bridge-64.jar;C:\Program Files\Java\jdk1.8.0_131\jre\lib\ext\cldrdata.jar;C:\Program Files\Java\jdk1.8.0_131\jre\lib\ext\dnsns.jar;C:\Program Files\Java\jdk1.8.0_131\jre\lib\ext\jaccess.jar;C:\Program Files\Java\jdk1.8.0_131\jre\lib\ext\jfxrt.jar;C:\Program Files\Java\jdk1.8.0_131\jre\lib\ext\localedata.jar;C:\Program Files\Java\jdk1.8.0_131\jre\lib\ext\nashorn.jar;C:\Program Files\Java\jdk1.8.0_131\jre\lib\ext\sunec.jar;C:\Program Files\Java\jdk1.8.0_131\jre\lib\ext\sunjce_provider.jar;C:\Program Files\Java\jdk1.8.0_131\jre\lib\ext\sunmscapi.jar;C:\Program Files\Java\jdk1.8.0_131\jre\lib\ext\sunpkcs11.jar;C:\Program Files\Java\jdk1.8.0_131\jre\lib\ext\zipfs.jar;C:\Users\Efecan\eclipse-workspace\PlakaBulma\bin;C:\Users\Efecan\Desktop\Yeni klasör (9)\poi-3.17\poi-3.17.jar;C:\Users\Efecan\Desktop\Yeni klasör (9)\com.mysql.jdbc_5.1.5.jar;C:\Users\Efecan\eclipse-workspace\PlakaBulma\jgoodies-forms-1.8.0.jar;X:\WebCamCapture\webcam-capture-0.3.10.jar;X:\WebCamCapture\libs\bridj-0.6.2.jar;X:\WebCamCapture\libs\slf4j-api-1.7.2.jar
Launcher Type: SUN_STANDARD

Environment Variables:
CLASSPATH=.;.;C:\PROGRA~2\JMF21~1.1E\lib\sound.jar;C:\PROGRA~2\JMF21~1.1E\lib\jmf.jar;C:\PROGRA~2\JMF21~1.1E\lib;
PATH=C:/Program Files/Java/jdk1.8.0_131/jre/bin/server;C:/Program Files/Java/jdk1.8.0_131/jre/bin;C:/Program Files/Java/jdk1.8.0_131/jre/lib/amd64;C:\Users\Efecan;C:\Program Files (x86)\Java\jre1.8.0_161\bin;C:\WINDOWS\System32;
USERNAME=Efecan
OS=Windows_NT
PROCESSOR_IDENTIFIER=Intel64 Family 6 Model 58 Stepping 9, GenuineIntel



---------------  S Y S T E M  ---------------

OS: Windows 10.0 , 64 bit Build 17134 (10.0.17134.1)

CPU:total 8 (initial active 8) (4 cores per cpu, 2 threads per core) family 6 model 58 stepping 9, cmov, cx8, fxsr, mmx, sse, sse2, sse3, ssse3, sse4.1, sse4.2, popcnt, avx, clmul, erms, ht, tsc, tscinvbit, tscinv

Memory: 4k page, physical 8223068k(5077588k free), swap 10189148k(5391156k free)

vm_info: Java HotSpot(TM) 64-Bit Server VM (25.131-b11) for windows-amd64 JRE (1.8.0_131-b11), built on Mar 15 2017 01:23:53 by "java_re" with MS VC++ 10.0 (VS2010)

time: Sun Jun 17 13:10:01 2018
elapsed time: 8 seconds (0d 0h 0m 8s)

