#
# A fatal error has been detected by the Java Runtime Environment:
#
#  EXCEPTION_ACCESS_VIOLATION (0xc0000005) at pc=0x00000000635e5a20, pid=1848, tid=0x00000000000025e0
#
# JRE version: Java(TM) SE Runtime Environment (8.0_131-b11) (build 1.8.0_131-b11)
# Java VM: Java HotSpot(TM) 64-Bit Server VM (25.131-b11 mixed mode windows-amd64 compressed oops)
# Problematic frame:
# V  [jvm.dll+0x275a20]
#
# Failed to write core dump. Minidumps are not enabled by default on client versions of Windows
#
# If you would like to submit a bug report, please visit:
#   http://bugreport.java.com/bugreport/crash.jsp
#

---------------  T H R E A D  ---------------

Current thread (0x000000001a435000):  JavaThread "atomic-processor-1" daemon [_thread_in_vm, id=9696, stack(0x000000001e840000,0x000000001e940000)]

siginfo: ExceptionCode=0xc0000005, reading address 0x000000001f6d7eb8

Registers:
RAX=0x00000000dffffec8, RBX=0x000000001a435000, RCX=0x00000000d7a03e80, RDX=0x000000001f6d7eb8
RSP=0x000000001e93ef10, RBP=0x0000000000000000, RSI=0x0000000000057e40, RDI=0x00000000d79ac038
R8 =0x000000000000afc8, R9 =0x00000000d79ac048, R10=0x0000000003307f48, R11=0x000000006359bd80
R12=0x000000001f680080, R13=0x000000001786e3f8, R14=0x000000001e93f090, R15=0x000000001a435000
RIP=0x00000000635e5a20, EFLAGS=0x0000000000010202

Top of Stack: (sp=0x000000001e93ef10)
0x000000001e93ef10:   000000000000000b 000000001e93f100
0x000000001e93ef20:   0000000063954d38 0000000003281d70
0x000000001e93ef30:   000000000000001b 00000000635540e7
0x000000001e93ef40:   000000001e930000 00000000634344f7
0x000000001e93ef50:   000000001a435000 000000006346bf9f
0x000000001e93ef60:   0000000000000024 000000006349b27c
0x000000001e93ef70:   0000000000000000 0000000003307f74
0x000000001e93ef80:   00000000032f80e0 000000001786e3f8
0x000000001e93ef90:   000000001e93f030 0000000000000060
0x000000001e93efa0:   000000001e93f070 0000000000000010
0x000000001e93efb0:   0000000000057e40 0000000017942358
0x000000001e93efc0:   00000000032f5600 0000000000000000
0x000000001e93efd0:   000000001793fdd0 000000001a435000
0x000000001e93efe0:   000000001a30bb80 000000006342cbfb
0x000000001e93eff0:   000000001e93eff0 0000000000000000
0x000000001e93f000:   000000001e93f090 000000001789b240 

Instructions: (pc=0x00000000635e5a20)
0x00000000635e5a00:   ef 48 83 c4 28 c3 4a 8d 54 c1 f8 4b 8d 4c c1 f8
0x00000000635e5a10:   4d 85 c0 0f 84 9a 00 00 00 0f 1f 80 00 00 00 00
0x00000000635e5a20:   48 8b 02 48 83 e9 08 48 83 ea 08 49 ff c8 48 89
0x00000000635e5a30:   41 08 75 ec 48 83 c4 28 c3 a8 03 75 5a 49 c1 e8 


Register to memory mapping:

RAX=0x00000000dffffec8 is an unallocated location in the heap
RBX=0x000000001a435000 is a thread
RCX=0x00000000d7a03e80 is an oop

[error occurred during error reporting (printing register info), id 0xc0000005]

Stack: [0x000000001e840000,0x000000001e940000],  sp=0x000000001e93ef10,  free space=1019k
Native frames: (J=compiled Java code, j=interpreted, Vv=VM code, C=native code)

Java frames: (J=compiled Java code, j=interpreted, Vv=VM code)
j  sun.misc.Unsafe.copyMemory(Ljava/lang/Object;JLjava/lang/Object;JJ)V+0
j  java.nio.Bits.copyToArray(JLjava/lang/Object;JJJ)V+42
j  java.nio.DirectByteBuffer.get([BII)Ljava/nio/ByteBuffer;+101
j  java.nio.ByteBuffer.get([B)Ljava/nio/ByteBuffer;+5
j  com.github.sarxos.webcam.ds.buildin.WebcamDefaultDevice.getImage()Ljava/awt/image/BufferedImage;+52
j  com.github.sarxos.webcam.ds.cgt.WebcamGetImageTask.handle()V+17
j  com.github.sarxos.webcam.WebcamProcessor$AtomicProcessor.run()V+14
j  java.util.concurrent.ThreadPoolExecutor.runWorker(Ljava/util/concurrent/ThreadPoolExecutor$Worker;)V+95
j  java.util.concurrent.ThreadPoolExecutor$Worker.run()V+5
j  java.lang.Thread.run()V+11
v  ~StubRoutines::call_stub

---------------  P R O C E S S  ---------------

Java Threads: ( => current thread )
  0x000000001b2e9000 JavaThread "Thread-1" [_thread_blocked, id=2704, stack(0x000000001f980000,0x000000001fa80000)]
  0x000000001b2ee800 JavaThread "frames-refresher-[0]" daemon [_thread_blocked, id=10064, stack(0x000000001f880000,0x000000001f980000)]
  0x000000001b2f0000 JavaThread "webcam-lock-[HD Webcam 0]" daemon [_thread_blocked, id=10252, stack(0x000000001ee10000,0x000000001ef10000)]
  0x000000001b2ec000 JavaThread "webcam-discovery-service" daemon [_thread_blocked, id=8804, stack(0x000000001ecf0000,0x000000001edf0000)]
=>0x000000001a435000 JavaThread "atomic-processor-1" daemon [_thread_in_vm, id=9696, stack(0x000000001e840000,0x000000001e940000)]
  0x000000001b224800 JavaThread "TimerQueue" daemon [_thread_blocked, id=12920, stack(0x000000001c340000,0x000000001c440000)]
  0x000000000318d800 JavaThread "DestroyJavaVM" [_thread_blocked, id=9380, stack(0x0000000003080000,0x0000000003180000)]
  0x000000001b091800 JavaThread "AWT-EventQueue-0" [_thread_blocked, id=8748, stack(0x000000001bbf0000,0x000000001bcf0000)]
  0x000000001b08f800 JavaThread "AWT-Windows" daemon [_thread_in_native, id=1380, stack(0x000000001b9e0000,0x000000001bae0000)]
  0x000000001b08e800 JavaThread "AWT-Shutdown" [_thread_blocked, id=128, stack(0x000000001b8e0000,0x000000001b9e0000)]
  0x000000001b08b800 JavaThread "Java2D Disposer" daemon [_thread_blocked, id=1928, stack(0x000000001b7e0000,0x000000001b8e0000)]
  0x000000001a196800 JavaThread "Service Thread" daemon [_thread_blocked, id=8856, stack(0x000000001acb0000,0x000000001adb0000)]
  0x000000001a101800 JavaThread "C1 CompilerThread3" daemon [_thread_blocked, id=10004, stack(0x000000001abb0000,0x000000001acb0000)]
  0x000000001a0fc800 JavaThread "C2 CompilerThread2" daemon [_thread_blocked, id=10232, stack(0x000000001aab0000,0x000000001abb0000)]
  0x000000001a0ef800 JavaThread "C2 CompilerThread1" daemon [_thread_blocked, id=2172, stack(0x000000001a9b0000,0x000000001aab0000)]
  0x000000001a0ec000 JavaThread "C2 CompilerThread0" daemon [_thread_blocked, id=11056, stack(0x000000001a8b0000,0x000000001a9b0000)]
  0x000000001a0e7000 JavaThread "Attach Listener" daemon [_thread_blocked, id=8964, stack(0x000000001a7b0000,0x000000001a8b0000)]
  0x000000001a0e6000 JavaThread "Signal Dispatcher" daemon [_thread_blocked, id=10912, stack(0x000000001a6b0000,0x000000001a7b0000)]
  0x00000000032e9000 JavaThread "Finalizer" daemon [_thread_blocked, id=8676, stack(0x000000001a4c0000,0x000000001a5c0000)]
  0x00000000032e8000 JavaThread "Reference Handler" daemon [_thread_blocked, id=12052, stack(0x0000000019fc0000,0x000000001a0c0000)]

Other Threads:
  0x00000000181d9000 VMThread [stack: 0x0000000019ec0000,0x0000000019fc0000] [id=1128]
  0x000000001a1ad000 WatcherThread [stack: 0x000000001adb0000,0x000000001aeb0000] [id=8156]

VM state:not at safepoint (normal execution)

VM Mutex/Monitor currently owned by a thread: None

Heap:
 PSYoungGen      total 37888K, used 26415K [0x00000000d6300000, 0x00000000d8d00000, 0x0000000100000000)
  eden space 32768K, 80% used [0x00000000d6300000,0x00000000d7ccbc58,0x00000000d8300000)
  from space 5120K, 0% used [0x00000000d8800000,0x00000000d8800000,0x00000000d8d00000)
  to   space 5120K, 0% used [0x00000000d8300000,0x00000000d8300000,0x00000000d8800000)
 ParOldGen       total 86016K, used 0K [0x0000000082800000, 0x0000000087c00000, 0x00000000d6300000)
  object space 86016K, 0% used [0x0000000082800000,0x0000000082800000,0x0000000087c00000)
 Metaspace       used 15080K, capacity 15296K, committed 15616K, reserved 1062912K
  class space    used 1857K, capacity 1934K, committed 2048K, reserved 1048576K

Card table byte_map: [0x00000000126b0000,0x0000000012aa0000] byte_map_base: 0x000000001229c000

Marking Bits: (ParMarkBitMap*) 0x0000000063b8c720
 Begin Bits: [0x0000000013540000, 0x00000000154a0000)
 End Bits:   [0x00000000154a0000, 0x0000000017400000)

Polling page: 0x0000000001310000

CodeCache: size=245760Kb used=5027Kb max_used=5042Kb free=240732Kb
 bounds [0x00000000032f0000, 0x00000000037f0000, 0x00000000122f0000]
 total_blobs=2098 nmethods=1576 adapters=434
 compilation: enabled

Compilation events (10 events):
Event: 30.015 Thread 0x000000001a101800 nmethod 1583 0x00000000033f2dd0 code [0x00000000033f2f60, 0x00000000033f3278]
Event: 30.016 Thread 0x000000001a101800 1584       3       java.lang.StringBuilder::append (8 bytes)
Event: 30.016 Thread 0x000000001a101800 nmethod 1584 0x00000000033efe10 code [0x00000000033eff80, 0x00000000033f0108]
Event: 30.016 Thread 0x000000001a0ef800 1587       4       java.awt.Container::getMouseEventTarget (50 bytes)
Event: 30.016 Thread 0x000000001a101800 1585       3       java.lang.AbstractStringBuilder::append (62 bytes)
Event: 30.017 Thread 0x000000001a0ec000 nmethod 1577 0x00000000033fbe90 code [0x00000000033fc000, 0x00000000033fc418]
Event: 30.017 Thread 0x000000001a101800 nmethod 1585 0x00000000037dc310 code [0x00000000037dc500, 0x00000000037dce38]
Event: 30.036 Thread 0x000000001a0ef800 nmethod 1587 0x00000000037dfed0 code [0x00000000037e00e0, 0x00000000037e1508]
Event: 30.462 Thread 0x000000001a0fc800 1588       4       java.util.HashMap::get (23 bytes)
Event: 30.466 Thread 0x000000001a0fc800 nmethod 1588 0x00000000037da710 code [0x00000000037da860, 0x00000000037dab38]

GC Heap History (0 events):
No events

Deoptimization events (10 events):
Event: 25.701 Thread 0x000000001a435000 Uncommon trap: reason=unstable_if action=reinterpret pc=0x00000000037269dc method=java.util.HashMap.getNode(ILjava/lang/Object;)Ljava/util/HashMap$Node; @ 62
Event: 25.701 Thread 0x000000001a435000 Uncommon trap: reason=bimorphic action=maybe_recompile pc=0x000000000376cf14 method=java.util.HashMap.putVal(ILjava/lang/Object;Ljava/lang/Object;ZZ)Ljava/lang/Object; @ 91
Event: 25.701 Thread 0x000000001a435000 Uncommon trap: reason=unstable_if action=reinterpret pc=0x0000000003744308 method=java.util.HashMap.getNode(ILjava/lang/Object;)Ljava/util/HashMap$Node; @ 62
Event: 25.701 Thread 0x000000001a435000 Uncommon trap: reason=bimorphic action=maybe_recompile pc=0x000000000376cf14 method=java.util.HashMap.putVal(ILjava/lang/Object;Ljava/lang/Object;ZZ)Ljava/lang/Object; @ 91
Event: 25.701 Thread 0x000000001a435000 Uncommon trap: reason=bimorphic action=maybe_recompile pc=0x000000000376cf14 method=java.util.HashMap.putVal(ILjava/lang/Object;Ljava/lang/Object;ZZ)Ljava/lang/Object; @ 91
Event: 25.701 Thread 0x000000001a435000 Uncommon trap: reason=bimorphic action=maybe_recompile pc=0x000000000376cf14 method=java.util.HashMap.putVal(ILjava/lang/Object;Ljava/lang/Object;ZZ)Ljava/lang/Object; @ 91
Event: 25.848 Thread 0x000000001a435000 Uncommon trap: reason=class_check action=maybe_recompile pc=0x0000000003781e44 method=java.util.HashMap.putVal(ILjava/lang/Object;Ljava/lang/Object;ZZ)Ljava/lang/Object; @ 203
Event: 25.848 Thread 0x000000001a435000 Uncommon trap: reason=class_check action=maybe_recompile pc=0x0000000003781e44 method=java.util.HashMap.putVal(ILjava/lang/Object;Ljava/lang/Object;ZZ)Ljava/lang/Object; @ 203
Event: 25.920 Thread 0x000000001a435000 Uncommon trap: reason=range_check action=make_not_entrant pc=0x00000000037ccea0 method=sun.reflect.generics.parser.SignatureParser.current()C @ 34
Event: 25.938 Thread 0x000000001a1a6800 Uncommon trap: reason=class_check action=maybe_recompile pc=0x00000000036676ac method=java.util.concurrent.locks.AbstractQueuedSynchronizer.release(I)Z @ 2

Internal exceptions (10 events):
Event: 25.918 Thread 0x000000001a435000 Exception <a 'java/lang/ArrayIndexOutOfBoundsException'> (0x00000000d78c1100) thrown at [C:\re\workspace\8-2-build-windows-amd64-cygwin\jdk8u131\8869\hotspot\src\share\vm\runtime\sharedRuntime.cpp, line 605]
Event: 25.920 Thread 0x000000001a435000 Exception <a 'java/lang/ArrayIndexOutOfBoundsException': 85> (0x00000000d78cf6d0) thrown at [C:\re\workspace\8-2-build-windows-amd64-cygwin\jdk8u131\8869\hotspot\src\share\vm\interpreter\interpreterRuntime.cpp, line 366]
Event: 25.920 Thread 0x000000001a435000 Exception <a 'java/lang/ArrayIndexOutOfBoundsException': 79> (0x00000000d78d1178) thrown at [C:\re\workspace\8-2-build-windows-amd64-cygwin\jdk8u131\8869\hotspot\src\share\vm\interpreter\interpreterRuntime.cpp, line 366]
Event: 25.920 Thread 0x000000001a435000 Exception <a 'java/lang/ArrayIndexOutOfBoundsException': 79> (0x00000000d78d2458) thrown at [C:\re\workspace\8-2-build-windows-amd64-cygwin\jdk8u131\8869\hotspot\src\share\vm\interpreter\interpreterRuntime.cpp, line 366]
Event: 25.929 Thread 0x000000001a435000 Exception <a 'java/lang/NoSuchMethodError': getDevice> (0x00000000d78dbe40) thrown at [C:\re\workspace\8-2-build-windows-amd64-cygwin\jdk8u131\8869\hotspot\src\share\vm\prims\jni.cpp, line 1613]
Event: 25.929 Thread 0x000000001a435000 Exception <a 'java/lang/NoSuchMethodError': getNumDevices> (0x00000000d78dc0a0) thrown at [C:\re\workspace\8-2-build-windows-amd64-cygwin\jdk8u131\8869\hotspot\src\share\vm\prims\jni.cpp, line 1613]
Event: 25.930 Thread 0x000000001a435000 Exception <a 'java/lang/NoSuchMethodError': getName> (0x00000000d78e26c8) thrown at [C:\re\workspace\8-2-build-windows-amd64-cygwin\jdk8u131\8869\hotspot\src\share\vm\prims\jni.cpp, line 1613]
Event: 25.930 Thread 0x000000001a435000 Exception <a 'java/lang/NoSuchMethodError': getIdentifier> (0x00000000d78e2930) thrown at [C:\re\workspace\8-2-build-windows-amd64-cygwin\jdk8u131\8869\hotspot\src\share\vm\prims\jni.cpp, line 1613]
Event: 30.013 Thread 0x000000001b091800 Exception <a 'java/lang/IllegalThreadStateException'> (0x00000000d720da50) thrown at [C:\re\workspace\8-2-build-windows-amd64-cygwin\jdk8u131\8869\hotspot\src\share\vm\prims\jvm.cpp, line 1394]
Event: 30.013 Thread 0x000000001b091800 Exception <a 'java/lang/IllegalThreadStateException'> (0x00000000d720da50) thrown at [C:\re\workspace\8-2-build-windows-amd64-cygwin\jdk8u131\8869\hotspot\src\share\vm\prims\jvm.cpp, line 1394]

Events (10 events):
Event: 30.013 loading class com/openalpr/jni/json/JSONException
Event: 30.013 loading class com/openalpr/jni/json/JSONException done
Event: 30.013 loading class java/lang/Throwable$WrappedPrintStream
Event: 30.013 loading class java/lang/Throwable$PrintStreamOrWriter
Event: 30.013 loading class java/lang/Throwable$PrintStreamOrWriter done
Event: 30.014 loading class java/lang/Throwable$WrappedPrintStream done
Event: 30.014 loading class java/lang/ClassLoaderHelper
Event: 30.014 loading class java/lang/ClassLoaderHelper done
Event: 30.462 loading class com/github/sarxos/webcam/ds/cgt/WebcamGetImageTask
Event: 30.462 loading class com/github/sarxos/webcam/ds/cgt/WebcamGetImageTask done


Dynamic libraries:
0x00007ff660520000 - 0x00007ff660557000 	C:\Program Files\Java\jdk1.8.0_131\bin\javaw.exe
0x00007ffc50880000 - 0x00007ffc50a61000 	C:\WINDOWS\SYSTEM32\ntdll.dll
0x00007ffc502c0000 - 0x00007ffc50372000 	C:\WINDOWS\System32\KERNEL32.DLL
0x00007ffc4ce40000 - 0x00007ffc4d0b3000 	C:\WINDOWS\System32\KERNELBASE.dll
0x00007ffc4fb30000 - 0x00007ffc4fbd1000 	C:\WINDOWS\System32\ADVAPI32.dll
0x00007ffc4fa40000 - 0x00007ffc4fade000 	C:\WINDOWS\System32\msvcrt.dll
0x00007ffc4f860000 - 0x00007ffc4f8bb000 	C:\WINDOWS\System32\sechost.dll
0x00007ffc50380000 - 0x00007ffc504a4000 	C:\WINDOWS\System32\RPCRT4.dll
0x00007ffc500a0000 - 0x00007ffc50230000 	C:\WINDOWS\System32\USER32.dll
0x00007ffc4d4e0000 - 0x00007ffc4d500000 	C:\WINDOWS\System32\win32u.dll
0x00007ffc50290000 - 0x00007ffc502b8000 	C:\WINDOWS\System32\GDI32.dll
0x00007ffc4d2c0000 - 0x00007ffc4d452000 	C:\WINDOWS\System32\gdi32full.dll
0x00007ffc4d220000 - 0x00007ffc4d2bf000 	C:\WINDOWS\System32\msvcp_win.dll
0x00007ffc4d120000 - 0x00007ffc4d21a000 	C:\WINDOWS\System32\ucrtbase.dll
0x00007ffc46d70000 - 0x00007ffc46fd9000 	C:\WINDOWS\WinSxS\amd64_microsoft.windows.common-controls_6595b64144ccf1df_6.0.17134.112_none_fb3f961b30681c12\COMCTL32.dll
0x00007ffc4fd70000 - 0x00007ffc50093000 	C:\WINDOWS\System32\combase.dll
0x00007ffc4d460000 - 0x00007ffc4d4da000 	C:\WINDOWS\System32\bcryptPrimitives.dll
0x00007ffc4fae0000 - 0x00007ffc4fb0d000 	C:\WINDOWS\System32\IMM32.DLL
0x0000000062f60000 - 0x0000000063032000 	C:\Program Files\Java\jdk1.8.0_131\jre\bin\msvcr100.dll
0x0000000063370000 - 0x0000000063c0c000 	C:\Program Files\Java\jdk1.8.0_131\jre\bin\server\jvm.dll
0x00007ffc4dd80000 - 0x00007ffc4dd88000 	C:\WINDOWS\System32\PSAPI.DLL
0x00007ffc4a470000 - 0x00007ffc4a493000 	C:\WINDOWS\SYSTEM32\WINMM.dll
0x00007ffc469b0000 - 0x00007ffc469b9000 	C:\WINDOWS\SYSTEM32\WSOCK32.dll
0x00007ffc45330000 - 0x00007ffc4533a000 	C:\WINDOWS\SYSTEM32\VERSION.dll
0x00007ffc4f620000 - 0x00007ffc4f68c000 	C:\WINDOWS\System32\WS2_32.dll
0x00007ffc49a40000 - 0x00007ffc49a6a000 	C:\WINDOWS\SYSTEM32\WINMMBASE.dll
0x00007ffc4dcc0000 - 0x00007ffc4dd09000 	C:\WINDOWS\System32\cfgmgr32.dll
0x0000000063360000 - 0x000000006336f000 	C:\Program Files\Java\jdk1.8.0_131\jre\bin\verify.dll
0x0000000063330000 - 0x0000000063359000 	C:\Program Files\Java\jdk1.8.0_131\jre\bin\java.dll
0x0000000063310000 - 0x0000000063326000 	C:\Program Files\Java\jdk1.8.0_131\jre\bin\zip.dll
0x00007ffc4dd90000 - 0x00007ffc4f1d0000 	C:\WINDOWS\System32\SHELL32.dll
0x00007ffc4fcc0000 - 0x00007ffc4fd69000 	C:\WINDOWS\System32\shcore.dll
0x00007ffc4d5b0000 - 0x00007ffc4dcbd000 	C:\WINDOWS\System32\windows.storage.dll
0x00007ffc50230000 - 0x00007ffc50281000 	C:\WINDOWS\System32\shlwapi.dll
0x00007ffc4cba0000 - 0x00007ffc4cbb1000 	C:\WINDOWS\System32\kernel.appcore.dll
0x00007ffc4cbe0000 - 0x00007ffc4cbff000 	C:\WINDOWS\System32\profapi.dll
0x00007ffc4cc00000 - 0x00007ffc4cc4c000 	C:\WINDOWS\System32\powrprof.dll
0x00007ffc4cb90000 - 0x00007ffc4cb9a000 	C:\WINDOWS\System32\FLTLIB.DLL
0x00000000630e0000 - 0x0000000063278000 	C:\Program Files\Java\jdk1.8.0_131\jre\bin\awt.dll
0x00007ffc4fbf0000 - 0x00007ffc4fcb2000 	C:\WINDOWS\System32\OLEAUT32.dll
0x00007ffc4ac40000 - 0x00007ffc4accb000 	C:\WINDOWS\SYSTEM32\apphelp.dll
0x00007ffc4adb0000 - 0x00007ffc4ae48000 	C:\WINDOWS\system32\uxtheme.dll
0x00007ffc4f8c0000 - 0x00007ffc4fa35000 	C:\WINDOWS\System32\MSCTF.dll
0x00007ffc4b040000 - 0x00007ffc4b069000 	C:\WINDOWS\system32\dwmapi.dll
0x00007ffc50650000 - 0x00007ffc507a1000 	C:\WINDOWS\System32\ole32.dll
0x00007ffc372d0000 - 0x00007ffc373f0000 	C:\WINDOWS\system32\opengl32.dll
0x00007ffc45700000 - 0x00007ffc4572c000 	C:\WINDOWS\SYSTEM32\GLU32.dll
0x0000000063090000 - 0x00000000630d7000 	C:\Program Files\Java\jdk1.8.0_131\jre\bin\fontmanager.dll
0x00000000632f0000 - 0x000000006330a000 	C:\Program Files\Java\jdk1.8.0_131\jre\bin\net.dll
0x00007ffc4c410000 - 0x00007ffc4c476000 	C:\WINDOWS\system32\mswsock.dll
0x00000000632d0000 - 0x00000000632e1000 	C:\Program Files\Java\jdk1.8.0_131\jre\bin\nio.dll
0x0000000063040000 - 0x0000000063082000 	C:\Program Files\Java\jdk1.8.0_131\jre\bin\t2k.dll
0x00007ffc507b0000 - 0x00007ffc50850000 	C:\WINDOWS\System32\clbcatq.dll
0x00007ffc48c80000 - 0x00007ffc48e2e000 	C:\WINDOWS\SYSTEM32\WindowsCodecs.dll
0x00007ffc37430000 - 0x00007ffc37488000 	C:\WINDOWS\system32\dataexchange.dll
0x00007ffc4a4a0000 - 0x00007ffc4a63c000 	C:\WINDOWS\system32\dcomp.dll
0x00007ffc49730000 - 0x00007ffc49a3b000 	C:\WINDOWS\system32\d3d11.dll
0x00007ffc4b720000 - 0x00007ffc4b7db000 	C:\WINDOWS\system32\dxgi.dll
0x00007ffc4b130000 - 0x00007ffc4b2e8000 	C:\WINDOWS\system32\twinapi.appcore.dll
0x00007ffc4b2f0000 - 0x00007ffc4b311000 	C:\WINDOWS\system32\RMCLIENT.dll
0x00007ffc41c90000 - 0x00007ffc41d28000 	C:\WINDOWS\System32\TextInputFramework.dll
0x00007ffc48360000 - 0x00007ffc4867e000 	C:\WINDOWS\System32\CoreUIComponents.dll
0x00007ffc4aa40000 - 0x00007ffc4ab1a000 	C:\WINDOWS\System32\CoreMessaging.dll
0x00007ffc4bc80000 - 0x00007ffc4bcb1000 	C:\WINDOWS\SYSTEM32\ntmarta.dll
0x00007ffc48ae0000 - 0x00007ffc48c2d000 	C:\WINDOWS\SYSTEM32\wintypes.dll
0x00007ffc4c5d0000 - 0x00007ffc4c5e7000 	C:\WINDOWS\SYSTEM32\CRYPTSP.dll
0x00007ffc4bff0000 - 0x00007ffc4c023000 	C:\WINDOWS\system32\rsaenh.dll
0x00007ffc4c6f0000 - 0x00007ffc4c715000 	C:\WINDOWS\SYSTEM32\bcrypt.dll
0x00007ffc4cac0000 - 0x00007ffc4cae8000 	C:\WINDOWS\SYSTEM32\USERENV.dll
0x00007ffc4c5c0000 - 0x00007ffc4c5cb000 	C:\WINDOWS\SYSTEM32\CRYPTBASE.dll
0x00007ffc4c190000 - 0x00007ffc4c1c8000 	C:\WINDOWS\SYSTEM32\IPHLPAPI.DLL
0x00007ffc4fbe0000 - 0x00007ffc4fbe8000 	C:\WINDOWS\System32\NSI.dll
0x00007ffc43210000 - 0x00007ffc43226000 	C:\WINDOWS\SYSTEM32\dhcpcsvc6.DLL
0x00007ffc42d10000 - 0x00007ffc42d2a000 	C:\WINDOWS\SYSTEM32\dhcpcsvc.DLL
0x00007ffc28770000 - 0x00007ffc28799000 	C:\Users\Efecan\AppData\Local\Temp\BridJExtractedLibraries6593612971366879970\bridj.dll
0x00007ffc24de0000 - 0x00007ffc24e16000 	C:\Users\Efecan\AppData\Local\Temp\BridJExtractedLibraries6593612971366879970\OpenIMAJGrabber.dll
0x00007ffc2f030000 - 0x00007ffc2f047000 	C:\Windows\System32\devenum.dll
0x00007ffc4f1d0000 - 0x00007ffc4f61b000 	C:\WINDOWS\System32\setupapi.dll
0x00007ffc4c9a0000 - 0x00007ffc4c9c7000 	C:\WINDOWS\SYSTEM32\DEVOBJ.dll
0x00007ffc4d0c0000 - 0x00007ffc4d117000 	C:\WINDOWS\System32\WINTRUST.dll
0x00007ffc4cbc0000 - 0x00007ffc4cbd2000 	C:\WINDOWS\System32\MSASN1.dll
0x00007ffc4cc50000 - 0x00007ffc4ce32000 	C:\WINDOWS\System32\CRYPT32.dll
0x00007ffc48030000 - 0x00007ffc4803a000 	C:\WINDOWS\SYSTEM32\msdmo.dll
0x00007ffc1be50000 - 0x00007ffc1be83000 	C:\Windows\System32\qcap.dll
0x00007ffc16aa0000 - 0x00007ffc16c5d000 	C:\Windows\System32\quartz.dll
0x00007ffc16e70000 - 0x00007ffc16ebb000 	C:\Windows\System32\mfksproxy.dll
0x00007ffc2a6a0000 - 0x00007ffc2a6bd000 	C:\Windows\System32\ATL.DLL
0x00007ffc44230000 - 0x00007ffc4440c000 	C:\Windows\System32\MFPlat.DLL
0x00007ffc45b50000 - 0x00007ffc45b7e000 	C:\Windows\System32\RTWorkQ.DLL
0x00007ffc16770000 - 0x00007ffc167be000 	C:\Windows\System32\MFSENSORGROUP.dll
0x00007ffc15f80000 - 0x00007ffc15fc8000 	C:\Windows\System32\ksproxy.ax
0x00007ffc488d0000 - 0x00007ffc488d9000 	C:\Windows\System32\ksuser.dll
0x00007ffc0d600000 - 0x00007ffc0d797000 	C:\Windows\System32\d3d9.dll
0x00007ffc45340000 - 0x00007ffc453bf000 	C:\WINDOWS\SYSTEM32\policymanager.dll
0x00007ffc495d0000 - 0x00007ffc49661000 	C:\Windows\System32\msvcp110_win.dll
0x00007ffc468f0000 - 0x00007ffc468fc000 	C:\Windows\System32\vidcap.ax
0x00007ffc24960000 - 0x00007ffc24986000 	C:\Windows\System32\kswdmcap.ax
0x00007ffc15290000 - 0x00007ffc153f4000 	C:\Windows\System32\MFC42.dll
0x00007ffc15160000 - 0x00007ffc151ff000 	C:\Windows\System32\qedit.dll
0x00007ffc4f690000 - 0x00007ffc4f77d000 	C:\WINDOWS\System32\COMDLG32.dll
0x00007ffc23730000 - 0x00007ffc23759000 	C:\Windows\System32\MSVFW32.dll
0x00007ffc44d10000 - 0x00007ffc44eaa000 	C:\WINDOWS\WinSxS\amd64_microsoft.windows.gdiplus_6595b64144ccf1df_1.1.17134.112_none_2c2a89008afa95e0\gdiplus.dll
0x00007ffc0e880000 - 0x00007ffc0e976000 	C:\Windows\System32\DDRAW.dll
0x00007ffc46870000 - 0x00007ffc46878000 	C:\Windows\System32\DCIMAN32.dll
0x00007ffc37ac0000 - 0x00007ffc37acc000 	C:\Users\Efecan\eclipse-workspace\PlakaBulma\resources\openalprjni.dll
0x00007ffc29f50000 - 0x00007ffc29f66000 	C:\WINDOWS\SYSTEM32\VCRUNTIME140.dll
0x00007ffc0ddc0000 - 0x00007ffc0e318000 	C:\Users\Efecan\eclipse-workspace\PlakaBulma\resources\openalpr.dll
0x00007ffc0e7e0000 - 0x00007ffc0e87f000 	C:\WINDOWS\SYSTEM32\MSVCP140.dll
0x00007ffc0b880000 - 0x00007ffc0bb76000 	C:\Users\Efecan\eclipse-workspace\PlakaBulma\resources\liblept170.dll
0x00007ffc05410000 - 0x00007ffc0618f000 	C:\Users\Efecan\eclipse-workspace\PlakaBulma\resources\opencv_world300.dll
0x00007ffc296f0000 - 0x00007ffc29708000 	C:\WINDOWS\SYSTEM32\AVICAP32.dll
0x00007ffc29d70000 - 0x00007ffc29d8f000 	C:\WINDOWS\SYSTEM32\AVIFIL32.dll
0x00007ffc15f20000 - 0x00007ffc15f71000 	C:\WINDOWS\SYSTEM32\CONCRT140.dll
0x00007ffc488a0000 - 0x00007ffc488bc000 	C:\WINDOWS\SYSTEM32\MSACM32.dll
0x00007ffc28670000 - 0x00007ffc28685000 	C:\WINDOWS\SYSTEM32\OpenCL.dll
0x00007ffc156b0000 - 0x00007ffc15712000 	C:\WINDOWS\SYSTEM32\IntelOpenCL64.dll
0x00007ffc0e6e0000 - 0x00007ffc0e7dd000 	C:\Program Files (x86)\Common Files\Intel\OpenCL\bin\x64\intelocl64.dll
0x00007ffc14370000 - 0x00007ffc143e6000 	C:\Program Files (x86)\Common Files\Intel\OpenCL\bin\x64\task_executor64.dll
0x00007ffc0b7e0000 - 0x00007ffc0b875000 	C:\Program Files (x86)\Common Files\Intel\OpenCL\bin\x64\cpu_device64.dll
0x00007ffc0dd50000 - 0x00007ffc0ddb9000 	C:\Program Files (x86)\Common Files\Intel\OpenCL\bin\x64\tbb\tbb.dll
0x00007ffc0b5e0000 - 0x00007ffc0b7d4000 	C:\WINDOWS\SYSTEM32\igdrcl64.dll
0x00007ffc005e0000 - 0x00007ffc01bc2000 	C:\WINDOWS\SYSTEM32\igdfcl64.dll
0x00007ffc3e590000 - 0x00007ffc3e759000 	C:\WINDOWS\SYSTEM32\dbghelp.dll
0x00007ffc0b580000 - 0x00007ffc0b5df000 	C:\WINDOWS\SYSTEM32\igdbcl64.dll
0x00007ffc36170000 - 0x00007ffc365d5000 	C:\WINDOWS\SYSTEM32\igdusc64.dll

VM Arguments:
jvm_args: -Dfile.encoding=Cp1254 
java_command: com.kemk.main.Main
java_class_path (initial): C:\Program Files\Java\jdk1.8.0_131\jre\lib\resources.jar;C:\Program Files\Java\jdk1.8.0_131\jre\lib\rt.jar;C:\Program Files\Java\jdk1.8.0_131\jre\lib\jsse.jar;C:\Program Files\Java\jdk1.8.0_131\jre\lib\jce.jar;C:\Program Files\Java\jdk1.8.0_131\jre\lib\charsets.jar;C:\Program Files\Java\jdk1.8.0_131\jre\lib\jfr.jar;C:\Program Files\Java\jdk1.8.0_131\jre\lib\ext\access-bridge-64.jar;C:\Program Files\Java\jdk1.8.0_131\jre\lib\ext\cldrdata.jar;C:\Program Files\Java\jdk1.8.0_131\jre\lib\ext\dnsns.jar;C:\Program Files\Java\jdk1.8.0_131\jre\lib\ext\jaccess.jar;C:\Program Files\Java\jdk1.8.0_131\jre\lib\ext\jfxrt.jar;C:\Program Files\Java\jdk1.8.0_131\jre\lib\ext\localedata.jar;C:\Program Files\Java\jdk1.8.0_131\jre\lib\ext\nashorn.jar;C:\Program Files\Java\jdk1.8.0_131\jre\lib\ext\sunec.jar;C:\Program Files\Java\jdk1.8.0_131\jre\lib\ext\sunjce_provider.jar;C:\Program Files\Java\jdk1.8.0_131\jre\lib\ext\sunmscapi.jar;C:\Program Files\Java\jdk1.8.0_131\jre\lib\ext\sunpkcs11.jar;C:\Program Files\Java\jdk1.8.0_131\jre\lib\ext\zipfs.jar;C:\Users\Efecan\eclipse-workspace\PlakaBulma\bin;C:\Users\Efecan\Desktop\Yeni klasör (9)\poi-3.17\poi-3.17.jar;C:\Users\Efecan\Desktop\Yeni klasör (9)\com.mysql.jdbc_5.1.5.jar;C:\Users\Efecan\eclipse-workspace\PlakaBulma\jgoodies-forms-1.8.0.jar;X:\WebCamCapture\webcam-capture-0.3.10.jar;X:\WebCamCapture\libs\bridj-0.6.2.jar;X:\WebCamCapture\libs\slf4j-api-1.7.2.jar;C:\Users\Efecan\eclipse-workspace\PlakaBulma\miglayout15-swing.jar;C:\Users\Efecan\Desktop\flexdock-1.2.4.jar;C:\Users\Efecan\Desktop\jgoodies-looks-2.4.1.jar
Launcher Type: SUN_STANDARD

Environment Variables:
CLASSPATH=.;.;C:\PROGRA~2\JMF21~1.1E\lib\sound.jar;C:\PROGRA~2\JMF21~1.1E\lib\jmf.jar;C:\PROGRA~2\JMF21~1.1E\lib;
PATH=C:/Program Files/Java/jdk1.8.0_131/jre/bin/server;C:/Program Files/Java/jdk1.8.0_131/jre/bin;C:/Program Files/Java/jdk1.8.0_131/jre/lib/amd64;C:\Users\Efecan;C:\Program Files (x86)\Java\jre1.8.0_161\bin;C:\WINDOWS\System32;
USERNAME=Efecan
OS=Windows_NT
PROCESSOR_IDENTIFIER=Intel64 Family 6 Model 58 Stepping 9, GenuineIntel



---------------  S Y S T E M  ---------------

OS: Windows 10.0 , 64 bit Build 17134 (10.0.17134.1)

CPU:total 8 (initial active 8) (4 cores per cpu, 2 threads per core) family 6 model 58 stepping 9, cmov, cx8, fxsr, mmx, sse, sse2, sse3, ssse3, sse4.1, sse4.2, popcnt, avx, clmul, erms, ht, tsc, tscinvbit, tscinv

Memory: 4k page, physical 8223068k(3513632k free), swap 10189148k(3798128k free)

vm_info: Java HotSpot(TM) 64-Bit Server VM (25.131-b11) for windows-amd64 JRE (1.8.0_131-b11), built on Mar 15 2017 01:23:53 by "java_re" with MS VC++ 10.0 (VS2010)

time: Wed Jun 20 22:39:17 2018
elapsed time: 30 seconds (0d 0h 0m 30s)

